#
# There is insufficient memory for the Java Runtime Environment to continue.
# Native memory allocation (malloc) failed to allocate 32744 bytes for ChunkPool::allocate
# Possible reasons:
#   The system is out of physical RAM or swap space
#   The process is running with CompressedOops enabled, and the Java Heap may be blocking the growth of the native heap
# Possible solutions:
#   Reduce memory load on the system
#   Increase physical memory or swap space
#   Check if swap backing store is full
#   Decrease Java heap size (-Xmx/-Xms)
#   Decrease number of Java threads
#   Decrease Java thread stack sizes (-Xss)
#   Set larger code cache with -XX:ReservedCodeCacheSize=
#   JVM is running with Zero Based Compressed Oops mode in which the Java heap is
#     placed in the first 32GB address space. The Java Heap base address is the
#     maximum limit for the native heap growth. Please use -XX:HeapBaseMinAddress
#     to set the Java Heap base and to place the Java Heap above 32GB virtual address.
# This output file may be truncated or incomplete.
#
#  Out of Memory Error (allocation.cpp:272), pid=28336, tid=0x0000000000002634
#
# JRE version: Java(TM) SE Runtime Environment (8.0_231-b11) (build 1.8.0_231-b11)
# Java VM: Java HotSpot(TM) 64-Bit Server VM (25.231-b11 mixed mode windows-amd64 compressed oops)
# Failed to write core dump. Minidumps are not enabled by default on client versions of Windows
#

---------------  T H R E A D  ---------------

Current thread (0x000000001e954000):  JavaThread "C2 CompilerThread0" daemon [_thread_in_native, id=9780, stack(0x000000001f220000,0x000000001f320000)]

Stack: [0x000000001f220000,0x000000001f320000]
[error occurred during error reporting (printing stack bounds), id 0xc0000005]

Native frames: (J=compiled Java code, j=interpreted, Vv=VM code, C=native code)


Current CompileTask:
C2: 174105 3299       4       com.codename1.ui.Container::paintComponentBackground (26 bytes)


---------------  P R O C E S S  ---------------

Java Threads: ( => current thread )
  0x000000001fb44000 JavaThread "invokeAndBlock2" [_thread_blocked, id=27004, stack(0x0000000025360000,0x0000000025460000)]
  0x000000001fb43000 JavaThread "TimerQueue" daemon [_thread_blocked, id=23576, stack(0x0000000025160000,0x0000000025260000)]
  0x000000001fb57000 JavaThread "invokeAndBlock1" [_thread_blocked, id=20436, stack(0x0000000021700000,0x0000000021800000)]
  0x000000001ff28800 JavaThread "Network Thread" [_thread_blocked, id=15664, stack(0x0000000023a90000,0x0000000023b90000)]
  0x0000000022698000 JavaThread "Network Thread" [_thread_blocked, id=9736, stack(0x0000000023990000,0x0000000023a90000)]
  0x000000001ecdc000 JavaThread "EDT" [_thread_blocked, id=27132, stack(0x0000000021900000,0x0000000021a00000)]
  0x0000000003032800 JavaThread "DestroyJavaVM" [_thread_blocked, id=29064, stack(0x0000000002f30000,0x0000000003030000)]
  0x000000001f9b3800 JavaThread "Thread-4" [_thread_blocked, id=20676, stack(0x0000000020690000,0x0000000020790000)]
  0x000000001ed14800 JavaThread "AWT-EventQueue-0" [_thread_in_native, id=24960, stack(0x0000000020590000,0x0000000020690000)]
  0x000000001ed0e800 JavaThread "AWT-Windows" daemon [_thread_in_native, id=27828, stack(0x0000000020360000,0x0000000020460000)]
  0x000000001ed0b800 JavaThread "AWT-Shutdown" [_thread_blocked, id=10360, stack(0x0000000020260000,0x0000000020360000)]
  0x000000001ed0b000 JavaThread "Java2D Disposer" daemon [_thread_blocked, id=21736, stack(0x0000000020160000,0x0000000020260000)]
  0x000000001e9e5000 JavaThread "Service Thread" daemon [_thread_blocked, id=3152, stack(0x000000001f620000,0x000000001f720000)]
  0x000000001e967000 JavaThread "C1 CompilerThread3" daemon [_thread_blocked, id=5696, stack(0x000000001f520000,0x000000001f620000)]
  0x000000001e960000 JavaThread "C2 CompilerThread2" daemon [_thread_in_native, id=19704, stack(0x000000001f420000,0x000000001f520000)]
  0x000000001e957800 JavaThread "C2 CompilerThread1" daemon [_thread_in_native, id=28768, stack(0x000000001f320000,0x000000001f420000)]
=>0x000000001e954000 JavaThread "C2 CompilerThread0" daemon [_thread_in_native, id=9780, stack(0x000000001f220000,0x000000001f320000)]
  0x000000001e951800 JavaThread "Attach Listener" daemon [_thread_blocked, id=3824, stack(0x000000001f120000,0x000000001f220000)]
  0x000000001e950800 JavaThread "Signal Dispatcher" daemon [_thread_blocked, id=7784, stack(0x000000001f020000,0x000000001f120000)]
  0x000000001e940800 JavaThread "Finalizer" daemon [_thread_blocked, id=21648, stack(0x000000001ee20000,0x000000001ef20000)]
  0x000000001cb4d800 JavaThread "Reference Handler" daemon [_thread_blocked, id=22940, stack(0x000000001ed20000,0x000000001ee20000)]

Other Threads:
  0x000000001cb48800 VMThread [stack: 0x000000001e820000,0x000000001e920000] [id=13276]
  0x000000001ea00000 WatcherThread [stack: 0x000000001f720000,0x000000001f820000] [id=27168]

VM state:not at safepoint (normal execution)

VM Mutex/Monitor currently owned by a thread: None

heap address: 0x00000006c1c00000, size: 4068 MB, Compressed Oops mode: Zero based, Oop shift amount: 3
Narrow klass base: 0x0000000000000000, Narrow klass shift: 3
Compressed class space size: 1073741824 Address: 0x00000007c0000000

Heap:
 PSYoungGen      total 295936K, used 15515K [0x000000076b400000, 0x0000000784000000, 0x00000007c0000000)
  eden space 209920K, 7% used [0x000000076b400000,0x000000076c326e98,0x0000000778100000)
  from space 86016K, 0% used [0x0000000778100000,0x0000000778100000,0x000000077d500000)
  to   space 68096K, 0% used [0x000000077d500000,0x000000077d500000,0x0000000781780000)
 ParOldGen       total 260096K, used 74017K [0x00000006c1c00000, 0x00000006d1a00000, 0x000000076b400000)
  object space 260096K, 28% used [0x00000006c1c00000,0x00000006c6448610,0x00000006d1a00000)
 Metaspace       used 20259K, capacity 20688K, committed 20992K, reserved 1067008K
  class space    used 2361K, capacity 2477K, committed 2560K, reserved 1048576K

Card table byte_map: [0x00000000124f0000,0x0000000012cf0000] byte_map_base: 0x000000000eee2000

Marking Bits: (ParMarkBitMap*) 0x000000005c8c6d90
 Begin Bits: [0x0000000013a40000, 0x00000000179d0000)
 End Bits:   [0x00000000179d0000, 0x000000001b960000)

Polling page: 0x0000000000df0000

CodeCache: size=245760Kb used=10187Kb max_used=10201Kb free=235572Kb
 bounds [0x0000000003130000, 0x0000000003b60000, 0x0000000012130000]
 total_blobs=3326 nmethods=2732 adapters=504
 compilation: enabled

Compilation events (10 events):
Event: 173.856 Thread 0x000000001e960000 nmethod 3293 0x00000000039a6190 code [0x00000000039a6440, 0x00000000039a8070]
Event: 173.905 Thread 0x000000001e957800 3294       4       java.awt.geom.AffineTransform::scale (285 bytes)
Event: 173.905 Thread 0x000000001e967000 3295       3       java.awt.EventQueue::getNextEventPrivate (76 bytes)
Event: 173.906 Thread 0x000000001e967000 nmethod 3295 0x000000000374fc50 code [0x000000000374fde0, 0x0000000003750148]
Event: 173.906 Thread 0x000000001e957800 nmethod 3294 0x00000000037e80d0 code [0x00000000037e8260, 0x00000000037e84a8]
Event: 173.947 Thread 0x000000001e954000 3296   !   4       sun.java2d.SunGraphics2D::drawString (132 bytes)
Event: 173.952 Thread 0x000000001e954000 nmethod 3296 0x00000000037569d0 code [0x0000000003756b60, 0x0000000003756dc8]
Event: 173.962 Thread 0x000000001e960000 3297       4       com.codename1.impl.CodenameOneImplementation::drawString (327 bytes)
Event: 174.074 Thread 0x000000001e957800 3298       4       com.codename1.impl.javase.JavaSEPort::drawString (135 bytes)
Event: 174.089 Thread 0x000000001e954000 3299       4       com.codename1.ui.Container::paintComponentBackground (26 bytes)

GC Heap History (10 events):
Event: 35.795 GC heap before
{Heap before GC invocations=6 (full 1):
 PSYoungGen      total 134144K, used 134134K [0x000000076b400000, 0x0000000774300000, 0x00000007c0000000)
  eden space 123392K, 100% used [0x000000076b400000,0x0000000772c80000,0x0000000772c80000)
  from space 10752K, 99% used [0x0000000773880000,0x00000007742fdaa8,0x0000000774300000)
  to   space 10752K, 0% used [0x0000000772e00000,0x0000000772e00000,0x0000000773880000)
 ParOldGen       total 199680K, used 90682K [0x00000006c1c00000, 0x00000006cdf00000, 0x000000076b400000)
  object space 199680K, 45% used [0x00000006c1c00000,0x00000006c748ea80,0x00000006cdf00000)
 Metaspace       used 18857K, capacity 19236K, committed 19456K, reserved 1067008K
  class space    used 2217K, capacity 2303K, committed 2304K, reserved 1048576K
Event: 35.807 GC heap after
Heap after GC invocations=6 (full 1):
 PSYoungGen      total 135680K, used 10735K [0x000000076b400000, 0x0000000781780000, 0x00000007c0000000)
  eden space 124928K, 0% used [0x000000076b400000,0x000000076b400000,0x0000000772e00000)
  from space 10752K, 99% used [0x0000000772e00000,0x000000077387bfb8,0x0000000773880000)
  to   space 68096K, 0% used [0x000000077d500000,0x000000077d500000,0x0000000781780000)
 ParOldGen       total 199680K, used 160561K [0x00000006c1c00000, 0x00000006cdf00000, 0x000000076b400000)
  object space 199680K, 80% used [0x00000006c1c00000,0x00000006cb8cc7f8,0x00000006cdf00000)
 Metaspace       used 18857K, capacity 19236K, committed 19456K, reserved 1067008K
  class space    used 2217K, capacity 2303K, committed 2304K, reserved 1048576K
}
Event: 35.807 GC heap before
{Heap before GC invocations=7 (full 2):
 PSYoungGen      total 135680K, used 10735K [0x000000076b400000, 0x0000000781780000, 0x00000007c0000000)
  eden space 124928K, 0% used [0x000000076b400000,0x000000076b400000,0x0000000772e00000)
  from space 10752K, 99% used [0x0000000772e00000,0x000000077387bfb8,0x0000000773880000)
  to   space 68096K, 0% used [0x000000077d500000,0x000000077d500000,0x0000000781780000)
 ParOldGen       total 199680K, used 160561K [0x00000006c1c00000, 0x00000006cdf00000, 0x000000076b400000)
  object space 199680K, 80% used [0x00000006c1c00000,0x00000006cb8cc7f8,0x00000006cdf00000)
 Metaspace       used 18857K, capacity 19236K, committed 19456K, reserved 1067008K
  class space    used 2217K, capacity 2303K, committed 2304K, reserved 1048576K
Event: 35.831 GC heap after
Heap after GC invocations=7 (full 2):
 PSYoungGen      total 135680K, used 0K [0x000000076b400000, 0x0000000781780000, 0x00000007c0000000)
  eden space 124928K, 0% used [0x000000076b400000,0x000000076b400000,0x0000000772e00000)
  from space 10752K, 0% used [0x0000000772e00000,0x0000000772e00000,0x0000000773880000)
  to   space 68096K, 0% used [0x000000077d500000,0x000000077d500000,0x0000000781780000)
 ParOldGen       total 256000K, used 78397K [0x00000006c1c00000, 0x00000006d1600000, 0x000000076b400000)
  object space 256000K, 30% used [0x00000006c1c00000,0x00000006c688f540,0x00000006d1600000)
 Metaspace       used 18857K, capacity 19236K, committed 19456K, reserved 1067008K
  class space    used 2217K, capacity 2303K, committed 2304K, reserved 1048576K
}
Event: 43.620 GC heap before
{Heap before GC invocations=8 (full 2):
 PSYoungGen      total 135680K, used 120269K [0x000000076b400000, 0x0000000781780000, 0x00000007c0000000)
  eden space 124928K, 96% used [0x000000076b400000,0x0000000772973490,0x0000000772e00000)
  from space 10752K, 0% used [0x0000000772e00000,0x0000000772e00000,0x0000000773880000)
  to   space 68096K, 0% used [0x000000077d500000,0x000000077d500000,0x0000000781780000)
 ParOldGen       total 256000K, used 78397K [0x00000006c1c00000, 0x00000006d1600000, 0x000000076b400000)
  object space 256000K, 30% used [0x00000006c1c00000,0x00000006c688f540,0x00000006d1600000)
 Metaspace       used 18942K, capacity 19244K, committed 19456K, reserved 1067008K
  class space    used 2218K, capacity 2303K, committed 2304K, reserved 1048576K
Event: 43.630 GC heap after
Heap after GC invocations=8 (full 2):
 PSYoungGen      total 278016K, used 67184K [0x000000076b400000, 0x0000000784000000, 0x00000007c0000000)
  eden space 209920K, 0% used [0x000000076b400000,0x000000076b400000,0x0000000778100000)
  from space 68096K, 98% used [0x000000077d500000,0x000000078169c1b8,0x0000000781780000)
  to   space 86016K, 0% used [0x0000000778100000,0x0000000778100000,0x000000077d500000)
 ParOldGen       total 256000K, used 95421K [0x00000006c1c00000, 0x00000006d1600000, 0x000000076b400000)
  object space 256000K, 37% used [0x00000006c1c00000,0x00000006c792f650,0x00000006d1600000)
 Metaspace       used 18942K, capacity 19244K, committed 19456K, reserved 1067008K
  class space    used 2218K, capacity 2303K, committed 2304K, reserved 1048576K
}
Event: 152.686 GC heap before
{Heap before GC invocations=9 (full 2):
 PSYoungGen      total 278016K, used 275273K [0x000000076b400000, 0x0000000784000000, 0x00000007c0000000)
  eden space 209920K, 99% used [0x000000076b400000,0x0000000777f365e0,0x0000000778100000)
  from space 68096K, 98% used [0x000000077d500000,0x000000078169c1b8,0x0000000781780000)
  to   space 86016K, 0% used [0x0000000778100000,0x0000000778100000,0x000000077d500000)
 ParOldGen       total 256000K, used 95421K [0x00000006c1c00000, 0x00000006d1600000, 0x000000076b400000)
  object space 256000K, 37% used [0x00000006c1c00000,0x00000006c792f650,0x00000006d1600000)
 Metaspace       used 20116K, capacity 20490K, committed 20864K, reserved 1067008K
  class space    used 2333K, capacity 2412K, committed 2432K, reserved 1048576K
Event: 152.701 GC heap after
Heap after GC invocations=9 (full 2):
 PSYoungGen      total 295936K, used 81527K [0x000000076b400000, 0x0000000784000000, 0x00000007c0000000)
  eden space 209920K, 0% used [0x000000076b400000,0x000000076b400000,0x0000000778100000)
  from space 86016K, 94% used [0x0000000778100000,0x000000077d09ddd8,0x000000077d500000)
  to   space 68096K, 0% used [0x000000077d500000,0x000000077d500000,0x0000000781780000)
 ParOldGen       total 256000K, used 160011K [0x00000006c1c00000, 0x00000006d1600000, 0x000000076b400000)
  object space 256000K, 62% used [0x00000006c1c00000,0x00000006cb842ee0,0x00000006d1600000)
 Metaspace       used 20116K, capacity 20490K, committed 20864K, reserved 1067008K
  class space    used 2333K, capacity 2412K, committed 2432K, reserved 1048576K
}
Event: 152.701 GC heap before
{Heap before GC invocations=10 (full 3):
 PSYoungGen      total 295936K, used 81527K [0x000000076b400000, 0x0000000784000000, 0x00000007c0000000)
  eden space 209920K, 0% used [0x000000076b400000,0x000000076b400000,0x0000000778100000)
  from space 86016K, 94% used [0x0000000778100000,0x000000077d09ddd8,0x000000077d500000)
  to   space 68096K, 0% used [0x000000077d500000,0x000000077d500000,0x0000000781780000)
 ParOldGen       total 256000K, used 160011K [0x00000006c1c00000, 0x00000006d1600000, 0x000000076b400000)
  object space 256000K, 62% used [0x00000006c1c00000,0x00000006cb842ee0,0x00000006d1600000)
 Metaspace       used 20116K, capacity 20490K, committed 20864K, reserved 1067008K
  class space    used 2333K, capacity 2412K, committed 2432K, reserved 1048576K
Event: 152.735 GC heap after
Heap after GC invocations=10 (full 3):
 PSYoungGen      total 295936K, used 0K [0x000000076b400000, 0x0000000784000000, 0x00000007c0000000)
  eden space 209920K, 0% used [0x000000076b400000,0x000000076b400000,0x0000000778100000)
  from space 86016K, 0% used [0x0000000778100000,0x0000000778100000,0x000000077d500000)
  to   space 68096K, 0% used [0x000000077d500000,0x000000077d500000,0x0000000781780000)
 ParOldGen       total 260096K, used 74017K [0x00000006c1c00000, 0x00000006d1a00000, 0x000000076b400000)
  object space 260096K, 28% used [0x00000006c1c00000,0x00000006c6448610,0x00000006d1a00000)
 Metaspace       used 20116K, capacity 20490K, committed 20864K, reserved 1067008K
  class space    used 2333K, capacity 2412K, committed 2432K, reserved 1048576K
}

Deoptimization events (10 events):
Event: 151.033 Thread 0x000000001ecdc000 Uncommon trap: reason=class_check action=maybe_recompile pc=0x000000000395af28 method=com.codename1.ui.Component.paintBackgroundImpl(Lcom/codename1/ui/Graphics;)V @ 26
Event: 151.127 Thread 0x000000001ecdc000 Uncommon trap: reason=unstable_if action=reinterpret pc=0x00000000035ca554 method=com.codename1.ui.animations.CommonTransitions.paintAlpha(Lcom/codename1/ui/Graphics;)V @ 281
Event: 151.164 Thread 0x000000001ecdc000 Uncommon trap: reason=unstable_if action=reinterpret pc=0x0000000003549894 method=com.codename1.ui.animations.CommonTransitions.paintAlpha(Lcom/codename1/ui/Graphics;)V @ 281
Event: 151.289 Thread 0x000000001ecdc000 Uncommon trap: reason=unstable_if action=reinterpret pc=0x0000000003a5c280 method=sun.java2d.loops.RenderCache.get(Lsun/java2d/loops/SurfaceType;Lsun/java2d/loops/CompositeType;Lsun/java2d/loops/SurfaceType;)Ljava/lang/Object; @ 52
Event: 151.291 Thread 0x000000001ecdc000 Uncommon trap: reason=class_check action=maybe_recompile pc=0x000000000395af28 method=com.codename1.ui.Component.paintBackgroundImpl(Lcom/codename1/ui/Graphics;)V @ 26
Event: 152.679 Thread 0x000000001ecdc000 Uncommon trap: reason=unstable_if action=reinterpret pc=0x00000000038c9230 method=sun.java2d.SunGraphics2D.getClipBounds()Ljava/awt/Rectangle; @ 4
Event: 152.680 Thread 0x000000001ecdc000 Uncommon trap: reason=class_check action=maybe_recompile pc=0x000000000395af28 method=com.codename1.ui.Component.paintBackgroundImpl(Lcom/codename1/ui/Graphics;)V @ 26
Event: 152.682 Thread 0x000000001ecdc000 Uncommon trap: reason=unstable_if action=reinterpret pc=0x0000000003990354 method=java.awt.font.FontRenderContext.equals(Ljava/awt/font/FontRenderContext;)Z @ 53
Event: 152.768 Thread 0x000000001ecdc000 Uncommon trap: reason=class_check action=maybe_recompile pc=0x000000000395af28 method=com.codename1.ui.Component.paintBackgroundImpl(Lcom/codename1/ui/Graphics;)V @ 26
Event: 171.901 Thread 0x000000001ed14800 Uncommon trap: reason=unstable_if action=reinterpret pc=0x0000000003975958 method=java.awt.EventQueue.uncacheEQItem(Lsun/awt/EventQueueItem;)V @ 23

Classes redefined (0 events):
No events

Internal exceptions (10 events):
Event: 0.727 Thread 0x0000000003032800 Exception <a 'java/lang/NoSuchFieldError': method resolution failed> (0x000000076bbe2618) thrown at [C:\re\workspace\8-2-build-windows-amd64-cygwin\jdk8u231\13620\hotspot\src\share\vm\prims\methodHandles.cpp, line 1167]
Event: 3.309 Thread 0x000000001ed14800 Exception <a 'java/io/FileNotFoundException'> (0x000000076d4df2e8) thrown at [C:\re\workspace\8-2-build-windows-amd64-cygwin\jdk8u231\13620\hotspot\src\share\vm\prims\jni.cpp, line 710]
Event: 15.079 Thread 0x000000001ecdc000 Implicit null exception at 0x0000000003475891 to 0x0000000003475911
Event: 15.471 Thread 0x000000001ecdc000 Implicit null exception at 0x000000000359e819 to 0x000000000359e8f1
Event: 28.843 Thread 0x0000000022698000 Implicit null exception at 0x0000000003357ad3 to 0x0000000003357ba5
Event: 106.726 Thread 0x000000001ed14800 Implicit null exception at 0x00000000038d8f86 to 0x00000000038de0c7
Event: 106.726 Thread 0x000000001ed14800 Exception <a 'java/lang/NullPointerException'> (0x00000007721e1740) thrown at [C:\re\workspace\8-2-build-windows-amd64-cygwin\jdk8u231\13620\hotspot\src\share\vm\runtime\sharedRuntime.cpp, line 605]
Event: 106.727 Thread 0x000000001ed14800 Exception <a 'java/lang/NullPointerException'> (0x00000007721e1740) thrown at [C:\re\workspace\8-2-build-windows-amd64-cygwin\jdk8u231\13620\hotspot\src\share\vm\prims\jvm.cpp, line 1506]
Event: 106.727 Thread 0x000000001ed14800 Exception <a 'java/lang/NullPointerException'> (0x00000007721e1740) thrown at [C:\re\workspace\8-2-build-windows-amd64-cygwin\jdk8u231\13620\hotspot\src\share\vm\prims\jvm.cpp, line 1506]
Event: 152.682 Thread 0x000000001ecdc000 Implicit null exception at 0x0000000003990118 to 0x000000000399033d

Events (10 events):
Event: 171.620 loading class sun/nio/ch/FileChannelImpl$Unmapper done
Event: 171.620 loading class sun/nio/ch/Util$5
Event: 171.620 loading class sun/nio/ch/Util$5 done
Event: 171.620 loading class java/nio/DirectByteBufferR
Event: 171.621 loading class java/nio/DirectByteBufferR done
Event: 171.621 Executing VM operation: Deoptimize
Event: 171.621 Executing VM operation: Deoptimize done
Event: 171.901 Thread 0x000000001ed14800 Uncommon trap: trap_request=0xffffff65 fr.pc=0x0000000003975958
Event: 171.901 Thread 0x000000001ed14800 DEOPT PACKING pc=0x0000000003975958 sp=0x000000002068eb30
Event: 171.901 Thread 0x000000001ed14800 DEOPT UNPACKING pc=0x000000000317583b sp=0x000000002068ea50 mode 2


Dynamic libraries:
0x00007ff618f10000 - 0x00007ff618f47000 	C:\Program Files\Java\jdk1.8.0_231\jre\bin\java.exe
0x00007ffcb4060000 - 0x00007ffcb4250000 	C:\WINDOWS\SYSTEM32\ntdll.dll
0x00007ffcb2ed0000 - 0x00007ffcb2f82000 	C:\WINDOWS\System32\KERNEL32.DLL
0x00007ffcb1a00000 - 0x00007ffcb1ca3000 	C:\WINDOWS\System32\KERNELBASE.dll
0x00007ffcb2800000 - 0x00007ffcb28a3000 	C:\WINDOWS\System32\ADVAPI32.dll
0x00007ffcb36f0000 - 0x00007ffcb378e000 	C:\WINDOWS\System32\msvcrt.dll
0x00007ffcb3650000 - 0x00007ffcb36e7000 	C:\WINDOWS\System32\sechost.dll
0x00007ffcb2b90000 - 0x00007ffcb2cb0000 	C:\WINDOWS\System32\RPCRT4.dll
0x00007ffcb3e80000 - 0x00007ffcb4014000 	C:\WINDOWS\System32\USER32.dll
0x00007ffcb1770000 - 0x00007ffcb1791000 	C:\WINDOWS\System32\win32u.dll
0x00007ffcb2d10000 - 0x00007ffcb2d36000 	C:\WINDOWS\System32\GDI32.dll
0x00007ffcb1e20000 - 0x00007ffcb1fb4000 	C:\WINDOWS\System32\gdi32full.dll
0x00007ffcb1960000 - 0x00007ffcb19fe000 	C:\WINDOWS\System32\msvcp_win.dll
0x00007ffcb1d20000 - 0x00007ffcb1e1a000 	C:\WINDOWS\System32\ucrtbase.dll
0x00007ffca1db0000 - 0x00007ffca2035000 	C:\WINDOWS\WinSxS\amd64_microsoft.windows.common-controls_6595b64144ccf1df_6.0.18362.535_none_e6c3b34713100821\COMCTL32.dll
0x00007ffcb3010000 - 0x00007ffcb3346000 	C:\WINDOWS\System32\combase.dll
0x00007ffcb18e0000 - 0x00007ffcb1960000 	C:\WINDOWS\System32\bcryptPrimitives.dll
0x00007ffcb2cb0000 - 0x00007ffcb2cde000 	C:\WINDOWS\System32\IMM32.DLL
0x000000005d2a0000 - 0x000000005d372000 	C:\Program Files\Java\jdk1.8.0_231\jre\bin\msvcr100.dll
0x000000005c0a0000 - 0x000000005c946000 	C:\Program Files\Java\jdk1.8.0_231\jre\bin\server\jvm.dll
0x00007ffcb3640000 - 0x00007ffcb3648000 	C:\WINDOWS\System32\PSAPI.DLL
0x00007ffcad7a0000 - 0x00007ffcad7c4000 	C:\WINDOWS\SYSTEM32\WINMM.dll
0x00007ffca60e0000 - 0x00007ffca60ea000 	C:\WINDOWS\SYSTEM32\VERSION.dll
0x00007ffc9c030000 - 0x00007ffc9c039000 	C:\WINDOWS\SYSTEM32\WSOCK32.dll
0x00007ffcb2910000 - 0x00007ffcb297f000 	C:\WINDOWS\System32\WS2_32.dll
0x00007ffcad770000 - 0x00007ffcad79d000 	C:\WINDOWS\SYSTEM32\winmmbase.dll
0x00007ffcb1cd0000 - 0x00007ffcb1d1a000 	C:\WINDOWS\System32\cfgmgr32.dll
0x00007ffcab230000 - 0x00007ffcab23f000 	C:\Program Files\Java\jdk1.8.0_231\jre\bin\verify.dll
0x00007ffca4800000 - 0x00007ffca4829000 	C:\Program Files\Java\jdk1.8.0_231\jre\bin\java.dll
0x00007ffca3b10000 - 0x00007ffca3b26000 	C:\Program Files\Java\jdk1.8.0_231\jre\bin\zip.dll
0x00007ffcb3790000 - 0x00007ffcb3e75000 	C:\WINDOWS\System32\SHELL32.dll
0x00007ffcb2980000 - 0x00007ffcb2a29000 	C:\WINDOWS\System32\shcore.dll
0x00007ffcb0ff0000 - 0x00007ffcb176f000 	C:\WINDOWS\System32\windows.storage.dll
0x00007ffcb0f80000 - 0x00007ffcb0f9f000 	C:\WINDOWS\System32\profapi.dll
0x00007ffcb0fa0000 - 0x00007ffcb0fea000 	C:\WINDOWS\System32\powrprof.dll
0x00007ffcb0f30000 - 0x00007ffcb0f40000 	C:\WINDOWS\System32\UMPDC.dll
0x00007ffcb28b0000 - 0x00007ffcb2902000 	C:\WINDOWS\System32\shlwapi.dll
0x00007ffcb0f40000 - 0x00007ffcb0f51000 	C:\WINDOWS\System32\kernel.appcore.dll
0x00007ffcb1cb0000 - 0x00007ffcb1cc7000 	C:\WINDOWS\System32\cryptsp.dll
0x00007ffca3650000 - 0x00007ffca366a000 	C:\Program Files\Java\jdk1.8.0_231\jre\bin\net.dll
0x00007ffcb07a0000 - 0x00007ffcb0807000 	C:\WINDOWS\system32\mswsock.dll
0x00007ffc95a10000 - 0x00007ffc95baa000 	C:\Program Files\Java\jdk1.8.0_231\jre\bin\awt.dll
0x00007ffcb26b0000 - 0x00007ffcb2774000 	C:\WINDOWS\System32\OLEAUT32.dll
0x00007ffcaed60000 - 0x00007ffcaedef000 	C:\WINDOWS\SYSTEM32\apphelp.dll
0x00007ffcaee60000 - 0x00007ffcaeef9000 	C:\WINDOWS\system32\uxtheme.dll
0x00007ffcb3500000 - 0x00007ffcb3635000 	C:\WINDOWS\System32\MSCTF.dll
0x00007ffcb2a30000 - 0x00007ffcb2b86000 	C:\WINDOWS\System32\ole32.dll
0x00007ffcaf280000 - 0x00007ffcaf2ad000 	C:\WINDOWS\system32\DWMAPI.DLL
0x00007ffc95490000 - 0x00007ffc955e6000 	C:\WINDOWS\system32\opengl32.dll
0x00007ffca13f0000 - 0x00007ffca141c000 	C:\WINDOWS\SYSTEM32\GLU32.dll
0x00007ffcafba0000 - 0x00007ffcafbc0000 	C:\WINDOWS\SYSTEM32\dxcore.dll
0x00007ffcb0310000 - 0x00007ffcb0343000 	C:\WINDOWS\system32\rsaenh.dll
0x00007ffcb18b0000 - 0x00007ffcb18d6000 	C:\WINDOWS\System32\bcrypt.dll
0x00007ffcb0e20000 - 0x00007ffcb0e45000 	C:\WINDOWS\SYSTEM32\USERENV.dll
0x00007ffcb0970000 - 0x00007ffcb097c000 	C:\WINDOWS\SYSTEM32\CRYPTBASE.dll
0x00007ffcb04b0000 - 0x00007ffcb04ea000 	C:\WINDOWS\SYSTEM32\IPHLPAPI.DLL
0x00007ffcb2d00000 - 0x00007ffcb2d08000 	C:\WINDOWS\System32\NSI.dll
0x00007ffcaf710000 - 0x00007ffcaf726000 	C:\WINDOWS\SYSTEM32\dhcpcsvc6.DLL
0x00007ffcaf6f0000 - 0x00007ffcaf70c000 	C:\WINDOWS\SYSTEM32\dhcpcsvc.DLL
0x00007ffcb04f0000 - 0x00007ffcb05ba000 	C:\WINDOWS\SYSTEM32\DNSAPI.dll
0x00007ffca3280000 - 0x00007ffca3292000 	C:\Program Files\Java\jdk1.8.0_231\jre\bin\nio.dll
0x00007ffc9b860000 - 0x00007ffc9b8a9000 	C:\Program Files\Java\jdk1.8.0_231\jre\bin\fontmanager.dll
0x00007ffc9b810000 - 0x00007ffc9b852000 	C:\Program Files\Java\jdk1.8.0_231\jre\bin\t2k.dll
0x00007ffca4d40000 - 0x00007ffca4dde000 	C:\WINDOWS\System32\TextInputFramework.dll
0x00007ffcacd40000 - 0x00007ffcad06a000 	C:\WINDOWS\System32\CoreUIComponents.dll
0x00007ffcae7e0000 - 0x00007ffcae8b4000 	C:\WINDOWS\System32\CoreMessaging.dll
0x00007ffcacbc0000 - 0x00007ffcacd13000 	C:\WINDOWS\SYSTEM32\wintypes.dll
0x00007ffcaff90000 - 0x00007ffcaffc1000 	C:\WINDOWS\SYSTEM32\ntmarta.dll
0x00007ffca2910000 - 0x00007ffca2bb6000 	C:\WINDOWS\System32\iertutil.dll
0x00007ffc99690000 - 0x00007ffc996ba000 	C:\Program Files\Java\jdk1.8.0_231\jre\bin\dcpr.dll
0x00007ffca2740000 - 0x00007ffca274a000 	C:\Windows\System32\rasadhlp.dll
0x00007ffcaca10000 - 0x00007ffcaca87000 	C:\WINDOWS\System32\fwpuclnt.dll
0x00007ffc9c220000 - 0x00007ffc9c251000 	C:\Program Files\Java\jdk1.8.0_231\jre\bin\jpeg.dll
0x00007ffc9c1e0000 - 0x00007ffc9c21e000 	C:\Program Files\Java\jdk1.8.0_231\jre\bin\lcms.dll
0x00007ffcb2e20000 - 0x00007ffcb2ec2000 	C:\WINDOWS\System32\clbcatq.dll
0x00007ffcac860000 - 0x00007ffcaca0f000 	C:\WINDOWS\SYSTEM32\WindowsCodecs.dll
0x00007ffca13b0000 - 0x00007ffca13ea000 	C:\WINDOWS\system32\dataexchange.dll
0x00007ffcae3a0000 - 0x00007ffcae5fb000 	C:\WINDOWS\system32\d3d11.dll
0x00007ffcae600000 - 0x00007ffcae7db000 	C:\WINDOWS\system32\dcomp.dll
0x00007ffcafc30000 - 0x00007ffcafd1b000 	C:\WINDOWS\system32\dxgi.dll
0x00007ffcaef30000 - 0x00007ffcaf18a000 	C:\WINDOWS\system32\twinapi.appcore.dll
0x00007ffcaf440000 - 0x00007ffcaf469000 	C:\WINDOWS\system32\RMCLIENT.dll
0x00007ffcb25e0000 - 0x00007ffcb26b0000 	C:\WINDOWS\System32\COMDLG32.dll
0x00007ffc9c260000 - 0x00007ffc9c304000 	C:\Program Files\Common Files\microsoft shared\ink\tiptsf.dll
0x00007ffca19d0000 - 0x00007ffca19f3000 	C:\WINDOWS\SYSTEM32\edputil.dll
0x00007ffca4830000 - 0x00007ffca488e000 	C:\Windows\System32\thumbcache.dll
0x00007ffcad4a0000 - 0x00007ffcad58f000 	C:\WINDOWS\system32\propsys.dll
0x00007ffc9d5d0000 - 0x00007ffc9d64e000 	C:\WINDOWS\SYSTEM32\ntshrui.dll
0x00007ffcb0e50000 - 0x00007ffcb0e7f000 	C:\WINDOWS\SYSTEM32\SspiCli.dll
0x00007ffc9eab0000 - 0x00007ffc9ead6000 	C:\WINDOWS\SYSTEM32\srvcli.dll
0x00007ffc8cd80000 - 0x00007ffc8cd92000 	C:\WINDOWS\SYSTEM32\cscapi.dll
0x00007ffcad860000 - 0x00007ffcad869000 	C:\WINDOWS\system32\IconCodecService.dll
0x00007ffca8130000 - 0x00007ffca81b6000 	C:\WINDOWS\SYSTEM32\policymanager.dll
0x00007ffcad610000 - 0x00007ffcad69a000 	C:\WINDOWS\SYSTEM32\msvcp110_win.dll
0x00007ffcab5f0000 - 0x00007ffcab5fd000 	C:\WINDOWS\SYSTEM32\LINKINFO.dll
0x00007ffca19b0000 - 0x00007ffca19d0000 	C:\WINDOWS\SYSTEM32\CLDAPI.dll
0x00007ffc9e7f0000 - 0x00007ffc9e7fa000 	C:\WINDOWS\SYSTEM32\FLTLIB.DLL
0x00007ffc9dc00000 - 0x00007ffc9dd35000 	C:\Windows\System32\Windows.StateRepositoryPS.dll
0x00007ffcabae0000 - 0x00007ffcac24d000 	C:\Windows\System32\OneCoreUAPCommonProxyStub.dll
0x00007ffca23c0000 - 0x00007ffca2596000 	C:\WINDOWS\SYSTEM32\urlmon.dll

VM Arguments:
jvm_args: -Dfile.encoding=UTF-8 
java_command: com.codename1.impl.javase.Simulator com.mahmoud.myapp.MyApplication
java_class_path (initial): C:\Users\mahmoud\Documents\NetBeansProjects\Chick_Click_Mobile\JavaSE.jar;C:\Users\mahmoud\Documents\NetBeansProjects\Chick_Click_Mobile\lib\CLDC11.jar;C:\Users\mahmoud\Documents\NetBeansProjects\Chick_Click_Mobile\lib\CodenameOne.jar;C:\Users\mahmoud\Documents\NetBeansProjects\Chick_Click_Mobile\lib\CodenameOne_SRC.zip;C:\Users\mahmoud\Documents\NetBeansProjects\Chick_Click_Mobile\override;C:\Users\mahmoud\Documents\NetBeansProjects\Chick_Click_Mobile\lib\impl\cls;C:\Users\mahmoud\Documents\NetBeansProjects\Chick_Click_Mobile\lib\impl\stubs;C:\Users\mahmoud\Documents\NetBeansProjects\Chick_Click_Mobile\build\classes;C:\Users\mahmoud\Documents\NetBeansProjects\Chick_Click_Mobile\native\internal_tmp
Launcher Type: SUN_STANDARD

Environment Variables:
JAVA_HOME=C:\Program Files\Java\jdk1.8.0_231
PATH=C:\Program Files (x86)\Common Files\Oracle\Java\javapath;C:\oraclexe\app\oracle\product\10.2.0\server\bin;C:\ProgramData\Oracle\Java\javapath;C:\Program Files (x86)\Intel\iCLS Client\;C:\Program Files\Intel\iCLS Client\;C:\windows\system32;C:\windows;C:\windows\System32\Wbem;C:\windows\System32\WindowsPowerShell\v1.0\;C:\Program Files (x86)\Intel\Intel(R) Management Engine Components\DAL;C:\Program Files\Intel\Intel(R) Management Engine Components\DAL;C:\Program Files (x86)\Intel\Intel(R) Management Engine Components\IPT;C:\Program Files\Intel\Intel(R) Management Engine Components\IPT;C:\Program Files\apache-maven\bin;C:\Program Files\Git\cmd;C:\WINDOWS\system32;C:\WINDOWS;C:\WINDOWS\System32\Wbem;C:\WINDOWS\System32\WindowsPowerShell\v1.0\;C:\WINDOWS\System32\OpenSSH\;C:\Program Files (x86)\NVIDIA Corporation\PhysX\Common;C:\Program Files\IDM Computer Solutions\UEStudio;C:\Program Files\NVIDIA Corporation\NVIDIA NvDLISR;C:\Program Files\Intel\WiFi\bin\;C:\Program Files\Common Files\Intel\WirelessCommon\;C:\sqlite3;C:\Program Files\nodejs\;C:\Program Files\Dart\dart-sdk\bin;C:\wamp64\bin\php\php5.6.25;C:\Program Files\Java\jdk1.8.0_231\bin;;%SystemRoot%\system32;%SystemRoot%;%SystemRoot%\System32\Wbem;%SYSTEMROOT%\System32\WindowsPowerShell\v1.0\;%SYSTEMROOT%\System32\OpenSSH\;C:\Users\mahmoud\AppData\Local\Microsoft\WindowsApps;C:\ProgramData\mahmoud\atom\bin;C:\Users\mahmoud\AppData\Local\atom\bin;C:\Users\mahmoud\AppData\Local\Microsoft\WindowsApps;C:\Program Files\Intel\WiFi\bin\;C:\Program Files\Common Files\Intel\WirelessCommon\;C:\Program Files\Java\jdk1.8.0_144\bin;C:\Users\mahmoud\AppData\Roaming\npm;C:\Program Files\JetBrains\WebStorm 2019.1.3\bin;;C:\src\flutter\bin;C:\Users\mahmoud\AppData\Local\Programs\Microsoft VS Code\bin;C:\wamp64\bin\php\php5.6.25;C:\Program Files\Java\jre1.8.0_181\bin;C:\Program Files\Java\jdk1.8.0_231\bin;C:\Program Files (x86)\Jar2Exe Wizard\;
USERNAME=mahmoud
OS=Windows_NT
PROCESSOR_IDENTIFIER=Intel64 Family 6 Model 158 Stepping 9, GenuineIntel



---------------  S Y S T E M  ---------------

OS: Windows 10.0 , 64 bit Build 18362 (10.0.18362.329)

CPU:total 8 (initial active 8) (4 cores per cpu, 2 threads per core) family 6 model 158 stepping 9, cmov, cx8, fxsr, mmx, sse, sse2, sse3, ssse3, sse4.1, sse4.2, popcnt, avx, avx2, aes, clmul, erms, 3dnowpref, lzcnt, ht, tsc, tscinvbit, bmi1, bmi2, adx

Memory: 4k page, physical 16659684k(7957764k free), swap 47755488k(5276k free)

vm_info: Java HotSpot(TM) 64-Bit Server VM (25.231-b11) for windows-amd64 JRE (1.8.0_231-b11), built on Oct  5 2019 03:11:30 by "java_re" with MS VC++ 10.0 (VS2010)

time: Wed Jan 01 00:44:19 2020
timezone: W. Central Africa Standard Time
elapsed time: 174 seconds (0d 0h 2m 54s)

