#
# There is insufficient memory for the Java Runtime Environment to continue.
# Native memory allocation (malloc) failed to allocate 131088 bytes for Chunk::new
# Possible reasons:
#   The system is out of physical RAM or swap space
#   The process is running with CompressedOops enabled, and the Java Heap may be blocking the growth of the native heap
# Possible solutions:
#   Reduce memory load on the system
#   Increase physical memory or swap space
#   Check if swap backing store is full
#   Decrease Java heap size (-Xmx/-Xms)
#   Decrease number of Java threads
#   Decrease Java thread stack sizes (-Xss)
#   Set larger code cache with -XX:ReservedCodeCacheSize=
#   JVM is running with Zero Based Compressed Oops mode in which the Java heap is
#     placed in the first 32GB address space. The Java Heap base address is the
#     maximum limit for the native heap growth. Please use -XX:HeapBaseMinAddress
#     to set the Java Heap base and to place the Java Heap above 32GB virtual address.
# This output file may be truncated or incomplete.
#
#  Out of Memory Error (allocation.cpp:389), pid=7364, tid=0x00000000000000e8
#
# JRE version: Java(TM) SE Runtime Environment (8.0_231-b11) (build 1.8.0_231-b11)
# Java VM: Java HotSpot(TM) 64-Bit Server VM (25.231-b11 mixed mode windows-amd64 compressed oops)
# Failed to write core dump. Minidumps are not enabled by default on client versions of Windows
#

---------------  T H R E A D  ---------------

Current thread (0x000000001e034800):  JavaThread "C2 CompilerThread0" daemon [_thread_in_native, id=232, stack(0x000000001e900000,0x000000001ea00000)]

Stack: [0x000000001e900000,0x000000001ea00000]
[error occurred during error reporting (printing stack bounds), id 0xc0000005]

Native frames: (J=compiled Java code, j=interpreted, Vv=VM code, C=native code)


Current CompileTask:
C2: 310858 3470       4       com.codename1.ui.Container::paintComponentBackground (26 bytes)


---------------  P R O C E S S  ---------------

Java Threads: ( => current thread )
  0x000000001f32d000 JavaThread "Keep-Alive-Timer" daemon [_thread_blocked, id=23008, stack(0x0000000000a90000,0x0000000000b90000)]
  0x000000001f32e800 JavaThread "invokeAndBlock5" [_thread_blocked, id=13516, stack(0x0000000020040000,0x0000000020140000)]
  0x000000001f32d800 JavaThread "invokeAndBlock4" [_thread_blocked, id=4656, stack(0x000000001ff40000,0x0000000020040000)]
  0x000000001f32f000 JavaThread "invokeAndBlock3" [_thread_blocked, id=27116, stack(0x0000000000c70000,0x0000000000d70000)]
  0x000000001f32c000 JavaThread "invokeAndBlock2" [_thread_blocked, id=5196, stack(0x0000000024be0000,0x0000000024ce0000)]
  0x000000001f32b800 JavaThread "TimerQueue" daemon [_thread_blocked, id=13192, stack(0x00000000249e0000,0x0000000024ae0000)]
  0x000000001e02d000 JavaThread "invokeAndBlock1" [_thread_blocked, id=1724, stack(0x00000000242e0000,0x00000000243e0000)]
  0x00000000215a8800 JavaThread "Network Thread" [_thread_blocked, id=29100, stack(0x00000000237e0000,0x00000000238e0000)]
  0x000000001f19a800 JavaThread "Network Thread" [_thread_blocked, id=14044, stack(0x00000000236e0000,0x00000000237e0000)]
  0x000000001f51d800 JavaThread "EDT" [_thread_blocked, id=7256, stack(0x0000000021070000,0x0000000021170000)]
  0x00000000026c2800 JavaThread "DestroyJavaVM" [_thread_blocked, id=9428, stack(0x00000000025c0000,0x00000000026c0000)]
  0x000000001f157800 JavaThread "Thread-4" [_thread_blocked, id=16820, stack(0x000000001fe40000,0x000000001ff40000)]
  0x000000001f155000 JavaThread "AWT-EventQueue-0" [_thread_blocked, id=16808, stack(0x000000001fd40000,0x000000001fe40000)]
  0x000000001f150800 JavaThread "AWT-Windows" daemon [_thread_in_native, id=13480, stack(0x000000001fa40000,0x000000001fb40000)]
  0x000000001f149800 JavaThread "AWT-Shutdown" [_thread_blocked, id=17772, stack(0x000000001f940000,0x000000001fa40000)]
  0x000000001f148800 JavaThread "Java2D Disposer" daemon [_thread_blocked, id=22804, stack(0x000000001f840000,0x000000001f940000)]
  0x000000001e0c9800 JavaThread "Service Thread" daemon [_thread_blocked, id=22496, stack(0x000000001ed00000,0x000000001ee00000)]
  0x000000001e042800 JavaThread "C1 CompilerThread3" daemon [_thread_blocked, id=11856, stack(0x000000001ec00000,0x000000001ed00000)]
  0x000000001e03b000 JavaThread "C2 CompilerThread2" daemon [_thread_blocked, id=24040, stack(0x000000001eb00000,0x000000001ec00000)]
  0x000000001e03a000 JavaThread "C2 CompilerThread1" daemon [_thread_blocked, id=26628, stack(0x000000001ea00000,0x000000001eb00000)]
=>0x000000001e034800 JavaThread "C2 CompilerThread0" daemon [_thread_in_native, id=232, stack(0x000000001e900000,0x000000001ea00000)]
  0x000000001e032000 JavaThread "Attach Listener" daemon [_thread_blocked, id=23464, stack(0x000000001e800000,0x000000001e900000)]
  0x000000001e031000 JavaThread "Signal Dispatcher" daemon [_thread_blocked, id=24656, stack(0x000000001e700000,0x000000001e800000)]
  0x00000000027b9000 JavaThread "Finalizer" daemon [_thread_blocked, id=23304, stack(0x000000001e500000,0x000000001e600000)]
  0x000000001e020800 JavaThread "Reference Handler" daemon [_thread_blocked, id=20144, stack(0x000000001e400000,0x000000001e500000)]

Other Threads:
  0x000000001c229800 VMThread [stack: 0x000000001df00000,0x000000001e000000] [id=12564]
  0x000000001e0d3800 WatcherThread [stack: 0x000000001ee00000,0x000000001ef00000] [id=9704]

VM state:not at safepoint (normal execution)

VM Mutex/Monitor currently owned by a thread: None

heap address: 0x00000006c1c00000, size: 4068 MB, Compressed Oops mode: Zero based, Oop shift amount: 3
Narrow klass base: 0x0000000000000000, Narrow klass shift: 3
Compressed class space size: 1073741824 Address: 0x00000007c0000000

Heap:
 PSYoungGen      total 162816K, used 124796K [0x000000076b400000, 0x000000077ba80000, 0x00000007c0000000)
  eden space 74240K, 51% used [0x000000076b400000,0x000000076d98cf20,0x000000076fc80000)
  from space 88576K, 97% used [0x000000076fc80000,0x00000007750d22a8,0x0000000775300000)
  to   space 69120K, 0% used [0x0000000775300000,0x0000000775300000,0x0000000779680000)
 ParOldGen       total 275968K, used 137171K [0x00000006c1c00000, 0x00000006d2980000, 0x000000076b400000)
  object space 275968K, 49% used [0x00000006c1c00000,0x00000006ca1f4f90,0x00000006d2980000)
 Metaspace       used 19648K, capacity 19980K, committed 20352K, reserved 1067008K
  class space    used 2239K, capacity 2335K, committed 2432K, reserved 1048576K

Card table byte_map: [0x0000000011b80000,0x0000000012380000] byte_map_base: 0x000000000e572000

Marking Bits: (ParMarkBitMap*) 0x000000005c8c6d90
 Begin Bits: [0x00000000130d0000, 0x0000000017060000)
 End Bits:   [0x0000000017060000, 0x000000001aff0000)

Polling page: 0x0000000000f10000

CodeCache: size=245760Kb used=10821Kb max_used=10834Kb free=234938Kb
 bounds [0x00000000027c0000, 0x0000000003270000, 0x00000000117c0000]
 total_blobs=3512 nmethods=2927 adapters=497
 compilation: enabled

Compilation events (10 events):
Event: 310.783 Thread 0x000000001e03b000 nmethod 3469 0x0000000002c41890 code [0x0000000002c419c0, 0x0000000002c41a38]
Event: 310.821 Thread 0x000000001e034800 3470       4       com.codename1.ui.Container::paintComponentBackground (26 bytes)
Event: 310.821 Thread 0x000000001e042800 3471       2       com.codename1.ui.Container::shouldPaintContainerBackground (13 bytes)
Event: 310.821 Thread 0x000000001e042800 nmethod 3471 0x0000000003225590 code [0x0000000003225700, 0x0000000003225888]
Event: 310.826 Thread 0x000000001e03a000 3472       4       java.awt.EventQueue::dispatchEvent (80 bytes)
Event: 310.827 Thread 0x000000001e03b000 3474   !   4       sun.font.FileFontStrike::getCachedGlyphPtr (27 bytes)
Event: 310.827 Thread 0x000000001e042800 3473       3       sun.java2d.SurfaceData::validatePipe (785 bytes)
Event: 310.830 Thread 0x000000001e042800 nmethod 3473 0x0000000002c44350 code [0x0000000002c44640, 0x0000000002c46508]
Event: 310.831 Thread 0x000000001e03b000 nmethod 3474 0x0000000002e41550 code [0x0000000002e416a0, 0x0000000002e418b8]
Event: 310.834 Thread 0x000000001e03a000 nmethod 3472 0x0000000002f04a10 code [0x0000000002f04c00, 0x0000000002f052f0]

GC Heap History (10 events):
Event: 285.272 GC heap before
{Heap before GC invocations=22 (full 2):
 PSYoungGen      total 153600K, used 152679K [0x000000076b400000, 0x0000000779680000, 0x00000007c0000000)
  eden space 93696K, 99% used [0x000000076b400000,0x0000000770f0de08,0x0000000770f80000)
  from space 59904K, 99% used [0x0000000771200000,0x0000000774c0c010,0x0000000774c80000)
  to   space 69120K, 0% used [0x0000000775300000,0x0000000775300000,0x0000000779680000)
 ParOldGen       total 266240K, used 164090K [0x00000006c1c00000, 0x00000006d2000000, 0x000000076b400000)
  object space 266240K, 61% used [0x00000006c1c00000,0x00000006cbc3ea70,0x00000006d2000000)
 Metaspace       used 19509K, capacity 19852K, committed 20352K, reserved 1067008K
  class space    used 2235K, capacity 2335K, committed 2432K, reserved 1048576K
Event: 285.283 GC heap after
Heap after GC invocations=22 (full 2):
 PSYoungGen      total 162816K, used 68634K [0x000000076b400000, 0x0000000779680000, 0x00000007c0000000)
  eden space 93696K, 0% used [0x000000076b400000,0x000000076b400000,0x0000000770f80000)
  from space 69120K, 99% used [0x0000000775300000,0x0000000779606ac0,0x0000000779680000)
  to   space 59904K, 0% used [0x0000000771200000,0x0000000771200000,0x0000000774c80000)
 ParOldGen       total 266240K, used 180898K [0x00000006c1c00000, 0x00000006d2000000, 0x000000076b400000)
  object space 266240K, 67% used [0x00000006c1c00000,0x00000006ccca8b80,0x00000006d2000000)
 Metaspace       used 19509K, capacity 19852K, committed 20352K, reserved 1067008K
  class space    used 2235K, capacity 2335K, committed 2432K, reserved 1048576K
}
Event: 303.028 GC heap before
{Heap before GC invocations=23 (full 2):
 PSYoungGen      total 162816K, used 162330K [0x000000076b400000, 0x0000000779680000, 0x00000007c0000000)
  eden space 93696K, 100% used [0x000000076b400000,0x0000000770f80000,0x0000000770f80000)
  from space 69120K, 99% used [0x0000000775300000,0x0000000779606ac0,0x0000000779680000)
  to   space 59904K, 0% used [0x0000000771200000,0x0000000771200000,0x0000000774c80000)
 ParOldGen       total 266240K, used 180898K [0x00000006c1c00000, 0x00000006d2000000, 0x000000076b400000)
  object space 266240K, 67% used [0x00000006c1c00000,0x00000006ccca8b80,0x00000006d2000000)
 Metaspace       used 19575K, capacity 19980K, committed 20352K, reserved 1067008K
  class space    used 2235K, capacity 2335K, committed 2432K, reserved 1048576K
Event: 303.037 GC heap after
Heap after GC invocations=23 (full 2):
 PSYoungGen      total 153600K, used 59855K [0x000000076b400000, 0x0000000779680000, 0x00000007c0000000)
  eden space 93696K, 0% used [0x000000076b400000,0x000000076b400000,0x0000000770f80000)
  from space 59904K, 99% used [0x0000000771200000,0x0000000774c73ca0,0x0000000774c80000)
  to   space 69120K, 0% used [0x0000000775300000,0x0000000775300000,0x0000000779680000)
 ParOldGen       total 266240K, used 193930K [0x00000006c1c00000, 0x00000006d2000000, 0x000000076b400000)
  object space 266240K, 72% used [0x00000006c1c00000,0x00000006cd962ae0,0x00000006d2000000)
 Metaspace       used 19575K, capacity 19980K, committed 20352K, reserved 1067008K
  class space    used 2235K, capacity 2335K, committed 2432K, reserved 1048576K
}
Event: 308.111 GC heap before
{Heap before GC invocations=24 (full 2):
 PSYoungGen      total 153600K, used 144713K [0x000000076b400000, 0x0000000779680000, 0x00000007c0000000)
  eden space 93696K, 90% used [0x000000076b400000,0x00000007706de878,0x0000000770f80000)
  from space 59904K, 99% used [0x0000000771200000,0x0000000774c73ca0,0x0000000774c80000)
  to   space 69120K, 0% used [0x0000000775300000,0x0000000775300000,0x0000000779680000)
 ParOldGen       total 266240K, used 193930K [0x00000006c1c00000, 0x00000006d2000000, 0x000000076b400000)
  object space 266240K, 72% used [0x00000006c1c00000,0x00000006cd962ae0,0x00000006d2000000)
 Metaspace       used 19626K, capacity 19980K, committed 20352K, reserved 1067008K
  class space    used 2238K, capacity 2335K, committed 2432K, reserved 1048576K
Event: 308.125 GC heap after
Heap after GC invocations=24 (full 2):
 PSYoungGen      total 143360K, used 55315K [0x000000076b400000, 0x000000077ba80000, 0x00000007c0000000)
  eden space 74240K, 0% used [0x000000076b400000,0x000000076b400000,0x000000076fc80000)
  from space 69120K, 80% used [0x0000000775300000,0x0000000778904db8,0x0000000779680000)
  to   space 88576K, 0% used [0x000000076fc80000,0x000000076fc80000,0x0000000775300000)
 ParOldGen       total 266240K, used 255750K [0x00000006c1c00000, 0x00000006d2000000, 0x000000076b400000)
  object space 266240K, 96% used [0x00000006c1c00000,0x00000006d15c1b98,0x00000006d2000000)
 Metaspace       used 19626K, capacity 19980K, committed 20352K, reserved 1067008K
  class space    used 2238K, capacity 2335K, committed 2432K, reserved 1048576K
}
Event: 308.125 GC heap before
{Heap before GC invocations=25 (full 3):
 PSYoungGen      total 143360K, used 55315K [0x000000076b400000, 0x000000077ba80000, 0x00000007c0000000)
  eden space 74240K, 0% used [0x000000076b400000,0x000000076b400000,0x000000076fc80000)
  from space 69120K, 80% used [0x0000000775300000,0x0000000778904db8,0x0000000779680000)
  to   space 88576K, 0% used [0x000000076fc80000,0x000000076fc80000,0x0000000775300000)
 ParOldGen       total 266240K, used 255750K [0x00000006c1c00000, 0x00000006d2000000, 0x000000076b400000)
  object space 266240K, 96% used [0x00000006c1c00000,0x00000006d15c1b98,0x00000006d2000000)
 Metaspace       used 19626K, capacity 19980K, committed 20352K, reserved 1067008K
  class space    used 2238K, capacity 2335K, committed 2432K, reserved 1048576K
Event: 308.161 GC heap after
Heap after GC invocations=25 (full 3):
 PSYoungGen      total 143360K, used 0K [0x000000076b400000, 0x000000077ba80000, 0x00000007c0000000)
  eden space 74240K, 0% used [0x000000076b400000,0x000000076b400000,0x000000076fc80000)
  from space 69120K, 0% used [0x0000000775300000,0x0000000775300000,0x0000000779680000)
  to   space 88576K, 0% used [0x000000076fc80000,0x000000076fc80000,0x0000000775300000)
 ParOldGen       total 275968K, used 122353K [0x00000006c1c00000, 0x00000006d2980000, 0x000000076b400000)
  object space 275968K, 44% used [0x00000006c1c00000,0x00000006c937c600,0x00000006d2980000)
 Metaspace       used 19626K, capacity 19980K, committed 20352K, reserved 1067008K
  class space    used 2238K, capacity 2335K, committed 2432K, reserved 1048576K
}
Event: 308.391 GC heap before
{Heap before GC invocations=26 (full 3):
 PSYoungGen      total 143360K, used 72684K [0x000000076b400000, 0x000000077ba80000, 0x00000007c0000000)
  eden space 74240K, 97% used [0x000000076b400000,0x000000076fafb2d0,0x000000076fc80000)
  from space 69120K, 0% used [0x0000000775300000,0x0000000775300000,0x0000000779680000)
  to   space 88576K, 0% used [0x000000076fc80000,0x000000076fc80000,0x0000000775300000)
 ParOldGen       total 275968K, used 122353K [0x00000006c1c00000, 0x00000006d2980000, 0x000000076b400000)
  object space 275968K, 44% used [0x00000006c1c00000,0x00000006c937c600,0x00000006d2980000)
 Metaspace       used 19648K, capacity 19980K, committed 20352K, reserved 1067008K
  class space    used 2239K, capacity 2335K, committed 2432K, reserved 1048576K
Event: 308.401 GC heap after
Heap after GC invocations=26 (full 3):
 PSYoungGen      total 162816K, used 86344K [0x000000076b400000, 0x000000077ba80000, 0x00000007c0000000)
  eden space 74240K, 0% used [0x000000076b400000,0x000000076b400000,0x000000076fc80000)
  from space 88576K, 97% used [0x000000076fc80000,0x00000007750d22a8,0x0000000775300000)
  to   space 69120K, 0% used [0x0000000775300000,0x0000000775300000,0x0000000779680000)
 ParOldGen       total 275968K, used 137171K [0x00000006c1c00000, 0x00000006d2980000, 0x000000076b400000)
  object space 275968K, 49% used [0x00000006c1c00000,0x00000006ca1f4f90,0x00000006d2980000)
 Metaspace       used 19648K, capacity 19980K, committed 20352K, reserved 1067008K
  class space    used 2239K, capacity 2335K, committed 2432K, reserved 1048576K
}

Deoptimization events (10 events):
Event: 304.942 Thread 0x000000001f51d800 Uncommon trap: reason=unstable_if action=reinterpret pc=0x000000000303bed8 method=com.codename1.ui.Form.repaintAnimations()V @ 26
Event: 304.949 Thread 0x000000001f51d800 Uncommon trap: reason=class_check action=maybe_recompile pc=0x00000000031428cc method=com.codename1.ui.Component.paintBackgroundImpl(Lcom/codename1/ui/Graphics;)V @ 26
Event: 308.004 Thread 0x000000001f51d800 Uncommon trap: reason=unstable_if action=reinterpret pc=0x00000000031dad90 method=com.codename1.ui.Component.drawPaintersImpl(Lcom/codename1/ui/Graphics;Lcom/codename1/ui/Component;Lcom/codename1/ui/Component;IIII)V @ 90
Event: 308.005 Thread 0x000000001f51d800 Uncommon trap: reason=bimorphic action=maybe_recompile pc=0x00000000031722cc method=com.codename1.ui.Container.paintIntersecting(Lcom/codename1/ui/Graphics;Lcom/codename1/ui/Component;IIIIZ)V @ 4
Event: 308.007 Thread 0x000000001f51d800 Uncommon trap: reason=bimorphic action=maybe_recompile pc=0x00000000031722cc method=com.codename1.ui.Container.paintIntersecting(Lcom/codename1/ui/Graphics;Lcom/codename1/ui/Component;IIIIZ)V @ 4
Event: 308.164 Thread 0x000000001f51d800 Uncommon trap: reason=unstable_if action=reinterpret pc=0x0000000002c0b770 method=sun.java2d.SunGraphics2D.getClipBounds()Ljava/awt/Rectangle; @ 4
Event: 308.164 Thread 0x000000001f51d800 Uncommon trap: reason=class_check action=maybe_recompile pc=0x00000000031428cc method=com.codename1.ui.Component.paintBackgroundImpl(Lcom/codename1/ui/Graphics;)V @ 26
Event: 308.167 Thread 0x000000001f51d800 Uncommon trap: reason=unstable_if action=reinterpret pc=0x000000000309a1e0 method=java.awt.font.FontRenderContext.equals(Ljava/awt/font/FontRenderContext;)Z @ 53
Event: 308.168 Thread 0x000000001f51d800 Uncommon trap: reason=bimorphic action=maybe_recompile pc=0x00000000031a9338 method=sun.java2d.SunGraphics2D.fillRect(IIII)V @ 10
Event: 308.202 Thread 0x000000001f51d800 Uncommon trap: reason=class_check action=maybe_recompile pc=0x0000000002f81624 method=com.codename1.ui.Component.paintBackgroundImpl(Lcom/codename1/ui/Graphics;)V @ 26

Classes redefined (0 events):
No events

Internal exceptions (10 events):
Event: 71.784 Thread 0x000000001f51d800 Exception <a 'java/lang/ClassCastException'> (0x000000076bf43bb8) thrown at [C:\re\workspace\8-2-build-windows-amd64-cygwin\jdk8u231\13620\hotspot\src\share\vm\runtime\sharedRuntime.cpp, line 605]
Event: 72.198 Thread 0x000000001f51d800 Exception <a 'java/lang/ClassCastException'> (0x000000076bf49528) thrown at [C:\re\workspace\8-2-build-windows-amd64-cygwin\jdk8u231\13620\hotspot\src\share\vm\runtime\sharedRuntime.cpp, line 605]
Event: 72.405 Thread 0x000000001f51d800 Exception <a 'java/lang/ClassCastException'> (0x000000076bf4e1e8) thrown at [C:\re\workspace\8-2-build-windows-amd64-cygwin\jdk8u231\13620\hotspot\src\share\vm\runtime\sharedRuntime.cpp, line 605]
Event: 72.790 Thread 0x000000001f51d800 Exception <a 'java/lang/ClassCastException'> (0x000000076bf515d8) thrown at [C:\re\workspace\8-2-build-windows-amd64-cygwin\jdk8u231\13620\hotspot\src\share\vm\runtime\sharedRuntime.cpp, line 605]
Event: 201.135 Thread 0x000000001f155000 Implicit null exception at 0x0000000002f6e586 to 0x0000000002f736c7
Event: 201.135 Thread 0x000000001f155000 Exception <a 'java/lang/NullPointerException'> (0x000000076de613c8) thrown at [C:\re\workspace\8-2-build-windows-amd64-cygwin\jdk8u231\13620\hotspot\src\share\vm\runtime\sharedRuntime.cpp, line 605]
Event: 201.135 Thread 0x000000001f155000 Exception <a 'java/lang/NullPointerException'> (0x000000076de613c8) thrown at [C:\re\workspace\8-2-build-windows-amd64-cygwin\jdk8u231\13620\hotspot\src\share\vm\prims\jvm.cpp, line 1506]
Event: 201.135 Thread 0x000000001f155000 Exception <a 'java/lang/NullPointerException'> (0x000000076de613c8) thrown at [C:\re\workspace\8-2-build-windows-amd64-cygwin\jdk8u231\13620\hotspot\src\share\vm\prims\jvm.cpp, line 1506]
Event: 304.942 Thread 0x000000001f51d800 Implicit null exception at 0x000000000303b113 to 0x000000000303bec5
Event: 308.167 Thread 0x000000001f51d800 Implicit null exception at 0x0000000003099f9e to 0x000000000309a1c9

Events (10 events):
Event: 308.402 Executing VM operation: RevokeBias done
Event: 308.402 Executing VM operation: RevokeBias
Event: 308.402 Executing VM operation: RevokeBias done
Event: 308.402 Executing VM operation: RevokeBias
Event: 308.402 Executing VM operation: RevokeBias done
Event: 308.420 Thread 0x000000001e042800 flushing nmethod 0x0000000002c41890
Event: 308.555 Thread 0x000000001e042800 flushing nmethod 0x0000000002dee810
Event: 308.705 Thread 0x000000001e034800 flushing nmethod 0x0000000002e2bf10
Event: 308.705 Thread 0x000000001e034800 flushing nmethod 0x0000000002e412d0
Event: 309.718 Thread 0x000000001e03a000 flushing nmethod 0x0000000002f04190


Dynamic libraries:
0x00007ff618f10000 - 0x00007ff618f47000 	C:\Program Files\Java\jdk1.8.0_231\jre\bin\java.exe
0x00007ffcb4060000 - 0x00007ffcb4250000 	C:\WINDOWS\SYSTEM32\ntdll.dll
0x00007ffcb2ed0000 - 0x00007ffcb2f82000 	C:\WINDOWS\System32\KERNEL32.DLL
0x00007ffcb1a00000 - 0x00007ffcb1ca3000 	C:\WINDOWS\System32\KERNELBASE.dll
0x00007ffcb2800000 - 0x00007ffcb28a3000 	C:\WINDOWS\System32\ADVAPI32.dll
0x00007ffcb36f0000 - 0x00007ffcb378e000 	C:\WINDOWS\System32\msvcrt.dll
0x00007ffcb3650000 - 0x00007ffcb36e7000 	C:\WINDOWS\System32\sechost.dll
0x00007ffcb2b90000 - 0x00007ffcb2cb0000 	C:\WINDOWS\System32\RPCRT4.dll
0x00007ffcb3e80000 - 0x00007ffcb4014000 	C:\WINDOWS\System32\USER32.dll
0x00007ffcb1770000 - 0x00007ffcb1791000 	C:\WINDOWS\System32\win32u.dll
0x00007ffcb2d10000 - 0x00007ffcb2d36000 	C:\WINDOWS\System32\GDI32.dll
0x00007ffcb1e20000 - 0x00007ffcb1fb4000 	C:\WINDOWS\System32\gdi32full.dll
0x00007ffcb1960000 - 0x00007ffcb19fe000 	C:\WINDOWS\System32\msvcp_win.dll
0x00007ffcb1d20000 - 0x00007ffcb1e1a000 	C:\WINDOWS\System32\ucrtbase.dll
0x00007ffca1db0000 - 0x00007ffca2035000 	C:\WINDOWS\WinSxS\amd64_microsoft.windows.common-controls_6595b64144ccf1df_6.0.18362.535_none_e6c3b34713100821\COMCTL32.dll
0x00007ffcb3010000 - 0x00007ffcb3346000 	C:\WINDOWS\System32\combase.dll
0x00007ffcb18e0000 - 0x00007ffcb1960000 	C:\WINDOWS\System32\bcryptPrimitives.dll
0x00007ffcb2cb0000 - 0x00007ffcb2cde000 	C:\WINDOWS\System32\IMM32.DLL
0x000000005d2a0000 - 0x000000005d372000 	C:\Program Files\Java\jdk1.8.0_231\jre\bin\msvcr100.dll
0x000000005c0a0000 - 0x000000005c946000 	C:\Program Files\Java\jdk1.8.0_231\jre\bin\server\jvm.dll
0x00007ffcb3640000 - 0x00007ffcb3648000 	C:\WINDOWS\System32\PSAPI.DLL
0x00007ffca60e0000 - 0x00007ffca60ea000 	C:\WINDOWS\SYSTEM32\VERSION.dll
0x00007ffc9c030000 - 0x00007ffc9c039000 	C:\WINDOWS\SYSTEM32\WSOCK32.dll
0x00007ffcad7a0000 - 0x00007ffcad7c4000 	C:\WINDOWS\SYSTEM32\WINMM.dll
0x00007ffcb2910000 - 0x00007ffcb297f000 	C:\WINDOWS\System32\WS2_32.dll
0x00007ffcad770000 - 0x00007ffcad79d000 	C:\WINDOWS\SYSTEM32\winmmbase.dll
0x00007ffcb1cd0000 - 0x00007ffcb1d1a000 	C:\WINDOWS\System32\cfgmgr32.dll
0x00007ffcaba10000 - 0x00007ffcaba1f000 	C:\Program Files\Java\jdk1.8.0_231\jre\bin\verify.dll
0x00007ffca3270000 - 0x00007ffca3299000 	C:\Program Files\Java\jdk1.8.0_231\jre\bin\java.dll
0x00007ffcaa580000 - 0x00007ffcaa596000 	C:\Program Files\Java\jdk1.8.0_231\jre\bin\zip.dll
0x00007ffcb3790000 - 0x00007ffcb3e75000 	C:\WINDOWS\System32\SHELL32.dll
0x00007ffcb2980000 - 0x00007ffcb2a29000 	C:\WINDOWS\System32\shcore.dll
0x00007ffcb0ff0000 - 0x00007ffcb176f000 	C:\WINDOWS\System32\windows.storage.dll
0x00007ffcb0f80000 - 0x00007ffcb0f9f000 	C:\WINDOWS\System32\profapi.dll
0x00007ffcb0fa0000 - 0x00007ffcb0fea000 	C:\WINDOWS\System32\powrprof.dll
0x00007ffcb0f30000 - 0x00007ffcb0f40000 	C:\WINDOWS\System32\UMPDC.dll
0x00007ffcb28b0000 - 0x00007ffcb2902000 	C:\WINDOWS\System32\shlwapi.dll
0x00007ffcb0f40000 - 0x00007ffcb0f51000 	C:\WINDOWS\System32\kernel.appcore.dll
0x00007ffcb1cb0000 - 0x00007ffcb1cc7000 	C:\WINDOWS\System32\cryptsp.dll
0x00007ffca84f0000 - 0x00007ffca850a000 	C:\Program Files\Java\jdk1.8.0_231\jre\bin\net.dll
0x00007ffcb07a0000 - 0x00007ffcb0807000 	C:\WINDOWS\system32\mswsock.dll
0x00007ffc7a7c0000 - 0x00007ffc7a95a000 	C:\Program Files\Java\jdk1.8.0_231\jre\bin\awt.dll
0x00007ffcb26b0000 - 0x00007ffcb2774000 	C:\WINDOWS\System32\OLEAUT32.dll
0x00007ffcaed60000 - 0x00007ffcaedef000 	C:\WINDOWS\SYSTEM32\apphelp.dll
0x00007ffcaee60000 - 0x00007ffcaeef9000 	C:\WINDOWS\system32\uxtheme.dll
0x00007ffcb3500000 - 0x00007ffcb3635000 	C:\WINDOWS\System32\MSCTF.dll
0x00007ffcb2a30000 - 0x00007ffcb2b86000 	C:\WINDOWS\System32\ole32.dll
0x00007ffcaf280000 - 0x00007ffcaf2ad000 	C:\WINDOWS\system32\DWMAPI.DLL
0x00007ffc7a660000 - 0x00007ffc7a7b6000 	C:\WINDOWS\system32\opengl32.dll
0x00007ffc9e700000 - 0x00007ffc9e72c000 	C:\WINDOWS\SYSTEM32\GLU32.dll
0x00007ffcafba0000 - 0x00007ffcafbc0000 	C:\WINDOWS\SYSTEM32\dxcore.dll
0x00007ffcb0310000 - 0x00007ffcb0343000 	C:\WINDOWS\system32\rsaenh.dll
0x00007ffcb18b0000 - 0x00007ffcb18d6000 	C:\WINDOWS\System32\bcrypt.dll
0x00007ffcb0e20000 - 0x00007ffcb0e45000 	C:\WINDOWS\SYSTEM32\USERENV.dll
0x00007ffcb0970000 - 0x00007ffcb097c000 	C:\WINDOWS\SYSTEM32\CRYPTBASE.dll
0x00007ffcb04b0000 - 0x00007ffcb04ea000 	C:\WINDOWS\SYSTEM32\IPHLPAPI.DLL
0x00007ffcb2d00000 - 0x00007ffcb2d08000 	C:\WINDOWS\System32\NSI.dll
0x00007ffcaf710000 - 0x00007ffcaf726000 	C:\WINDOWS\SYSTEM32\dhcpcsvc6.DLL
0x00007ffcaf6f0000 - 0x00007ffcaf70c000 	C:\WINDOWS\SYSTEM32\dhcpcsvc.DLL
0x00007ffcb04f0000 - 0x00007ffcb05ba000 	C:\WINDOWS\SYSTEM32\DNSAPI.dll
0x00007ffca3650000 - 0x00007ffca3662000 	C:\Program Files\Java\jdk1.8.0_231\jre\bin\nio.dll
0x00007ffc9c430000 - 0x00007ffc9c479000 	C:\Program Files\Java\jdk1.8.0_231\jre\bin\fontmanager.dll
0x00007ffc9c210000 - 0x00007ffc9c252000 	C:\Program Files\Java\jdk1.8.0_231\jre\bin\t2k.dll
0x00007ffc9c1e0000 - 0x00007ffc9c20a000 	C:\Program Files\Java\jdk1.8.0_231\jre\bin\dcpr.dll
0x00007ffca4d40000 - 0x00007ffca4dde000 	C:\WINDOWS\System32\TextInputFramework.dll
0x00007ffcacd40000 - 0x00007ffcad06a000 	C:\WINDOWS\System32\CoreUIComponents.dll
0x00007ffcae7e0000 - 0x00007ffcae8b4000 	C:\WINDOWS\System32\CoreMessaging.dll
0x00007ffcacbc0000 - 0x00007ffcacd13000 	C:\WINDOWS\SYSTEM32\wintypes.dll
0x00007ffcaff90000 - 0x00007ffcaffc1000 	C:\WINDOWS\SYSTEM32\ntmarta.dll
0x00007ffca2910000 - 0x00007ffca2bb6000 	C:\WINDOWS\System32\iertutil.dll
0x00007ffca2740000 - 0x00007ffca274a000 	C:\Windows\System32\rasadhlp.dll
0x00007ffcaca10000 - 0x00007ffcaca87000 	C:\WINDOWS\System32\fwpuclnt.dll
0x00007ffca37a0000 - 0x00007ffca37d1000 	C:\Program Files\Java\jdk1.8.0_231\jre\bin\jpeg.dll
0x00007ffca16a0000 - 0x00007ffca16de000 	C:\Program Files\Java\jdk1.8.0_231\jre\bin\lcms.dll
0x00007ffcb2e20000 - 0x00007ffcb2ec2000 	C:\WINDOWS\System32\clbcatq.dll
0x00007ffcac860000 - 0x00007ffcaca0f000 	C:\WINDOWS\SYSTEM32\WindowsCodecs.dll
0x00007ffca13b0000 - 0x00007ffca13ea000 	C:\WINDOWS\system32\dataexchange.dll
0x00007ffcae3a0000 - 0x00007ffcae5fb000 	C:\WINDOWS\system32\d3d11.dll
0x00007ffcae600000 - 0x00007ffcae7db000 	C:\WINDOWS\system32\dcomp.dll
0x00007ffcafc30000 - 0x00007ffcafd1b000 	C:\WINDOWS\system32\dxgi.dll
0x00007ffcaef30000 - 0x00007ffcaf18a000 	C:\WINDOWS\system32\twinapi.appcore.dll
0x00007ffcaf440000 - 0x00007ffcaf469000 	C:\WINDOWS\system32\RMCLIENT.dll

VM Arguments:
jvm_args: -Dfile.encoding=UTF-8 
java_command: com.codename1.impl.javase.Simulator com.mahmoud.myapp.MyApplication
java_class_path (initial): C:\Users\mahmoud\Documents\NetBeansProjects\Chick_Click_Mobile\JavaSE.jar;C:\Users\mahmoud\Documents\NetBeansProjects\Chick_Click_Mobile\lib\CLDC11.jar;C:\Users\mahmoud\Documents\NetBeansProjects\Chick_Click_Mobile\lib\CodenameOne.jar;C:\Users\mahmoud\Documents\NetBeansProjects\Chick_Click_Mobile\lib\CodenameOne_SRC.zip;C:\Users\mahmoud\Documents\NetBeansProjects\Chick_Click_Mobile\override;C:\Users\mahmoud\Documents\NetBeansProjects\Chick_Click_Mobile\lib\impl\cls;C:\Users\mahmoud\Documents\NetBeansProjects\Chick_Click_Mobile\lib\impl\stubs;C:\Users\mahmoud\Documents\NetBeansProjects\Chick_Click_Mobile\build\classes;C:\Users\mahmoud\Documents\NetBeansProjects\Chick_Click_Mobile\native\internal_tmp
Launcher Type: SUN_STANDARD

Environment Variables:
JAVA_HOME=C:\Program Files\Java\jdk1.8.0_231
PATH=C:\Program Files (x86)\Common Files\Oracle\Java\javapath;C:\oraclexe\app\oracle\product\10.2.0\server\bin;C:\ProgramData\Oracle\Java\javapath;C:\Program Files (x86)\Intel\iCLS Client\;C:\Program Files\Intel\iCLS Client\;C:\windows\system32;C:\windows;C:\windows\System32\Wbem;C:\windows\System32\WindowsPowerShell\v1.0\;C:\Program Files (x86)\Intel\Intel(R) Management Engine Components\DAL;C:\Program Files\Intel\Intel(R) Management Engine Components\DAL;C:\Program Files (x86)\Intel\Intel(R) Management Engine Components\IPT;C:\Program Files\Intel\Intel(R) Management Engine Components\IPT;C:\Program Files\apache-maven\bin;C:\Program Files\Git\cmd;C:\WINDOWS\system32;C:\WINDOWS;C:\WINDOWS\System32\Wbem;C:\WINDOWS\System32\WindowsPowerShell\v1.0\;C:\WINDOWS\System32\OpenSSH\;C:\Program Files (x86)\NVIDIA Corporation\PhysX\Common;C:\Program Files\IDM Computer Solutions\UEStudio;C:\Program Files\NVIDIA Corporation\NVIDIA NvDLISR;C:\Program Files\Intel\WiFi\bin\;C:\Program Files\Common Files\Intel\WirelessCommon\;C:\sqlite3;C:\Program Files\nodejs\;C:\Program Files\Dart\dart-sdk\bin;C:\wamp64\bin\php\php5.6.25;C:\Program Files\Java\jdk1.8.0_231\bin;;%SystemRoot%\system32;%SystemRoot%;%SystemRoot%\System32\Wbem;%SYSTEMROOT%\System32\WindowsPowerShell\v1.0\;%SYSTEMROOT%\System32\OpenSSH\;C:\Users\mahmoud\AppData\Local\Microsoft\WindowsApps;C:\ProgramData\mahmoud\atom\bin;C:\Users\mahmoud\AppData\Local\atom\bin;C:\Users\mahmoud\AppData\Local\Microsoft\WindowsApps;C:\Program Files\Intel\WiFi\bin\;C:\Program Files\Common Files\Intel\WirelessCommon\;C:\Program Files\Java\jdk1.8.0_144\bin;C:\Users\mahmoud\AppData\Roaming\npm;C:\Program Files\JetBrains\WebStorm 2019.1.3\bin;;C:\src\flutter\bin;C:\Users\mahmoud\AppData\Local\Programs\Microsoft VS Code\bin;C:\wamp64\bin\php\php5.6.25;C:\Program Files\Java\jre1.8.0_181\bin;C:\Program Files\Java\jdk1.8.0_231\bin;C:\Program Files (x86)\Jar2Exe Wizard\;
USERNAME=mahmoud
OS=Windows_NT
PROCESSOR_IDENTIFIER=Intel64 Family 6 Model 158 Stepping 9, GenuineIntel



---------------  S Y S T E M  ---------------

OS: Windows 10.0 , 64 bit Build 18362 (10.0.18362.329)

CPU:total 8 (initial active 8) (4 cores per cpu, 2 threads per core) family 6 model 158 stepping 9, cmov, cx8, fxsr, mmx, sse, sse2, sse3, ssse3, sse4.1, sse4.2, popcnt, avx, avx2, aes, clmul, erms, 3dnowpref, lzcnt, ht, tsc, tscinvbit, bmi1, bmi2, adx

Memory: 4k page, physical 16659684k(5040044k free), swap 47755488k(5528k free)

vm_info: Java HotSpot(TM) 64-Bit Server VM (25.231-b11) for windows-amd64 JRE (1.8.0_231-b11), built on Oct  5 2019 03:11:30 by "java_re" with MS VC++ 10.0 (VS2010)

time: Tue Dec 31 23:37:03 2019
timezone: W. Central Africa Standard Time
elapsed time: 310 seconds (0d 0h 5m 10s)

