#
# There is insufficient memory for the Java Runtime Environment to continue.
# Native memory allocation (malloc) failed to allocate 112688 bytes for Chunk::new
# Possible reasons:
#   The system is out of physical RAM or swap space
#   The process is running with CompressedOops enabled, and the Java Heap may be blocking the growth of the native heap
# Possible solutions:
#   Reduce memory load on the system
#   Increase physical memory or swap space
#   Check if swap backing store is full
#   Decrease Java heap size (-Xmx/-Xms)
#   Decrease number of Java threads
#   Decrease Java thread stack sizes (-Xss)
#   Set larger code cache with -XX:ReservedCodeCacheSize=
#   JVM is running with Zero Based Compressed Oops mode in which the Java heap is
#     placed in the first 32GB address space. The Java Heap base address is the
#     maximum limit for the native heap growth. Please use -XX:HeapBaseMinAddress
#     to set the Java Heap base and to place the Java Heap above 32GB virtual address.
# This output file may be truncated or incomplete.
#
#  Out of Memory Error (allocation.cpp:389), pid=17152, tid=0x0000000000001b00
#
# JRE version: Java(TM) SE Runtime Environment (8.0_231-b11) (build 1.8.0_231-b11)
# Java VM: Java HotSpot(TM) 64-Bit Server VM (25.231-b11 mixed mode windows-amd64 compressed oops)
# Failed to write core dump. Minidumps are not enabled by default on client versions of Windows
#

---------------  T H R E A D  ---------------

Current thread (0x000000001e6ab000):  JavaThread "C2 CompilerThread2" daemon [_thread_in_native, id=6912, stack(0x000000001f170000,0x000000001f270000)]

Stack: [0x000000001f170000,0x000000001f270000]
[error occurred during error reporting (printing stack bounds), id 0xc0000005]

Native frames: (J=compiled Java code, j=interpreted, Vv=VM code, C=native code)


Current CompileTask:
C2:   8243  931       4       sun.font.TrueTypeFont::initNames (370 bytes)


---------------  P R O C E S S  ---------------

Java Threads: ( => current thread )
  0x0000000023589800 JavaThread "Network Thread" [_thread_blocked, id=2120, stack(0x00000000245a0000,0x00000000246a0000)]
  0x0000000023588800 JavaThread "Network Thread" [_thread_blocked, id=20988, stack(0x00000000230b0000,0x00000000231b0000)]
  0x000000001f7f6800 JavaThread "EDT" [_thread_in_native, id=23372, stack(0x00000000214e0000,0x00000000215e0000)]
  0x000000001fc31800 JavaThread "Image Fetcher 0" daemon [_thread_blocked, id=22444, stack(0x00000000212e0000,0x00000000213e0000)]
  0x0000000002d92800 JavaThread "DestroyJavaVM" [_thread_blocked, id=924, stack(0x0000000002c90000,0x0000000002d90000)]
  0x000000001f7a5000 JavaThread "Thread-4" [_thread_blocked, id=21552, stack(0x00000000202b0000,0x00000000203b0000)]
  0x000000001f7a2800 JavaThread "AWT-EventQueue-0" [_thread_blocked, id=13700, stack(0x00000000201b0000,0x00000000202b0000)]
  0x000000001f79c800 JavaThread "AWT-Windows" daemon [_thread_in_native, id=22728, stack(0x00000000200b0000,0x00000000201b0000)]
  0x000000001f796000 JavaThread "AWT-Shutdown" [_thread_blocked, id=10112, stack(0x000000001ffb0000,0x00000000200b0000)]
  0x000000001f795000 JavaThread "Java2D Disposer" daemon [_thread_blocked, id=13576, stack(0x000000001feb0000,0x000000001ffb0000)]
  0x000000001e6dd800 JavaThread "Service Thread" daemon [_thread_blocked, id=18580, stack(0x000000001f370000,0x000000001f470000)]
  0x000000001e6b1000 JavaThread "C1 CompilerThread3" daemon [_thread_blocked, id=4104, stack(0x000000001f270000,0x000000001f370000)]
=>0x000000001e6ab000 JavaThread "C2 CompilerThread2" daemon [_thread_in_native, id=6912, stack(0x000000001f170000,0x000000001f270000)]
  0x000000001e6aa000 JavaThread "C2 CompilerThread1" daemon [_thread_blocked, id=18616, stack(0x000000001f070000,0x000000001f170000)]
  0x000000001e6a4800 JavaThread "C2 CompilerThread0" daemon [_thread_in_native, id=9392, stack(0x000000001ef70000,0x000000001f070000)]
  0x000000001e6a2000 JavaThread "Attach Listener" daemon [_thread_blocked, id=10900, stack(0x000000001ee70000,0x000000001ef70000)]
  0x000000001e6a1000 JavaThread "Signal Dispatcher" daemon [_thread_blocked, id=7348, stack(0x000000001ed70000,0x000000001ee70000)]
  0x0000000002e88000 JavaThread "Finalizer" daemon [_thread_blocked, id=7908, stack(0x000000001eb70000,0x000000001ec70000)]
  0x000000001e690800 JavaThread "Reference Handler" daemon [_thread_blocked, id=16064, stack(0x000000001ea70000,0x000000001eb70000)]

Other Threads:
  0x000000001c8a9800 VMThread [stack: 0x000000001e570000,0x000000001e670000] [id=13464]
  0x000000001e6df000 WatcherThread [stack: 0x000000001f470000,0x000000001f570000] [id=16580]

VM state:not at safepoint (normal execution)

VM Mutex/Monitor currently owned by a thread: None

heap address: 0x00000006c1c00000, size: 4068 MB, Compressed Oops mode: Zero based, Oop shift amount: 3
Narrow klass base: 0x0000000000000000, Narrow klass shift: 3
Compressed class space size: 1073741824 Address: 0x00000007c0000000

Heap:
 PSYoungGen      total 76288K, used 22298K [0x000000076b400000, 0x0000000774400000, 0x00000007c0000000)
  eden space 65536K, 20% used [0x000000076b400000,0x000000076c14e948,0x000000076f400000)
  from space 10752K, 80% used [0x000000076f400000,0x000000076fc77f28,0x000000076fe80000)
  to   space 10752K, 0% used [0x0000000773980000,0x0000000773980000,0x0000000774400000)
 ParOldGen       total 199168K, used 80372K [0x00000006c1c00000, 0x00000006cde80000, 0x000000076b400000)
  object space 199168K, 40% used [0x00000006c1c00000,0x00000006c6a7d228,0x00000006cde80000)
 Metaspace       used 14612K, capacity 14922K, committed 15232K, reserved 1062912K
  class space    used 1736K, capacity 1812K, committed 1920K, reserved 1048576K

Card table byte_map: [0x0000000012250000,0x0000000012a50000] byte_map_base: 0x000000000ec42000

Marking Bits: (ParMarkBitMap*) 0x000000005c8c6d90
 Begin Bits: [0x00000000137a0000, 0x0000000017730000)
 End Bits:   [0x0000000017730000, 0x000000001b6c0000)

Polling page: 0x0000000000dd0000

CodeCache: size=245760Kb used=3751Kb max_used=3763Kb free=242008Kb
 bounds [0x0000000002e90000, 0x0000000003250000, 0x0000000011e90000]
 total_blobs=1472 nmethods=957 adapters=428
 compilation: enabled

Compilation events (10 events):
Event: 7.948 Thread 0x000000001e6aa000  987       4       java.lang.Character::toUpperCaseEx (30 bytes)
Event: 7.949 Thread 0x000000001e6aa000 nmethod 987 0x000000000322f150 code [0x000000000322f360, 0x000000000322f4b8]
Event: 7.949 Thread 0x000000001e6aa000  971   !   4       sun.nio.ch.FileChannelImpl::position (258 bytes)
Event: 7.953 Thread 0x000000001e6b1000  989       3       java.util.WeakHashMap::eq (19 bytes)
Event: 7.953 Thread 0x000000001e6b1000 nmethod 989 0x000000000322ec90 code [0x000000000322ee00, 0x000000000322f088]
Event: 7.954 Thread 0x000000001e6b1000  990       3       sun.misc.PerfCounter::addElapsedTimeFrom (10 bytes)
Event: 7.954 Thread 0x000000001e6b1000 nmethod 990 0x000000000322f890 code [0x000000000322fa40, 0x0000000003230198]
Event: 7.956 Thread 0x000000001e6aa000 nmethod 971 0x000000000323fe10 code [0x000000000323ffe0, 0x00000000032411b0]
Event: 8.100 Thread 0x000000001e6b1000  991       3       java.util.zip.ZipEntry::<init> (43 bytes)
Event: 8.100 Thread 0x000000001e6b1000 nmethod 991 0x000000000322e890 code [0x000000000322e9e0, 0x000000000322ebf0]

GC Heap History (8 events):
Event: 4.524 GC heap before
{Heap before GC invocations=1 (full 0):
 PSYoungGen      total 76288K, used 63213K [0x000000076b400000, 0x0000000770900000, 0x00000007c0000000)
  eden space 65536K, 96% used [0x000000076b400000,0x000000076f1bb540,0x000000076f400000)
  from space 10752K, 0% used [0x000000076fe80000,0x000000076fe80000,0x0000000770900000)
  to   space 10752K, 0% used [0x000000076f400000,0x000000076f400000,0x000000076fe80000)
 ParOldGen       total 175104K, used 0K [0x00000006c1c00000, 0x00000006cc700000, 0x000000076b400000)
  object space 175104K, 0% used [0x00000006c1c00000,0x00000006c1c00000,0x00000006cc700000)
 Metaspace       used 10845K, capacity 11152K, committed 11392K, reserved 1058816K
  class space    used 1312K, capacity 1391K, committed 1408K, reserved 1048576K
Event: 4.533 GC heap after
Heap after GC invocations=1 (full 0):
 PSYoungGen      total 76288K, used 1972K [0x000000076b400000, 0x0000000770900000, 0x00000007c0000000)
  eden space 65536K, 0% used [0x000000076b400000,0x000000076b400000,0x000000076f400000)
  from space 10752K, 18% used [0x000000076f400000,0x000000076f5ed260,0x000000076fe80000)
  to   space 10752K, 0% used [0x000000076fe80000,0x000000076fe80000,0x0000000770900000)
 ParOldGen       total 175104K, used 39313K [0x00000006c1c00000, 0x00000006cc700000, 0x000000076b400000)
  object space 175104K, 22% used [0x00000006c1c00000,0x00000006c4264548,0x00000006cc700000)
 Metaspace       used 10845K, capacity 11152K, committed 11392K, reserved 1058816K
  class space    used 1312K, capacity 1391K, committed 1408K, reserved 1048576K
}
Event: 4.651 GC heap before
{Heap before GC invocations=2 (full 0):
 PSYoungGen      total 76288K, used 56857K [0x000000076b400000, 0x0000000770900000, 0x00000007c0000000)
  eden space 65536K, 83% used [0x000000076b400000,0x000000076e999280,0x000000076f400000)
  from space 10752K, 18% used [0x000000076f400000,0x000000076f5ed260,0x000000076fe80000)
  to   space 10752K, 0% used [0x000000076fe80000,0x000000076fe80000,0x0000000770900000)
 ParOldGen       total 175104K, used 39313K [0x00000006c1c00000, 0x00000006cc700000, 0x000000076b400000)
  object space 175104K, 22% used [0x00000006c1c00000,0x00000006c4264548,0x00000006cc700000)
 Metaspace       used 10853K, capacity 11152K, committed 11392K, reserved 1058816K
  class space    used 1312K, capacity 1391K, committed 1408K, reserved 1048576K
Event: 4.664 GC heap after
Heap after GC invocations=2 (full 0):
 PSYoungGen      total 76288K, used 1940K [0x000000076b400000, 0x0000000774900000, 0x00000007c0000000)
  eden space 65536K, 0% used [0x000000076b400000,0x000000076b400000,0x000000076f400000)
  from space 10752K, 18% used [0x000000076fe80000,0x0000000770065260,0x0000000770900000)
  to   space 10752K, 0% used [0x000000076f400000,0x000000076f400000,0x000000076fe80000)
 ParOldGen       total 175104K, used 117931K [0x00000006c1c00000, 0x00000006cc700000, 0x000000076b400000)
  object space 175104K, 67% used [0x00000006c1c00000,0x00000006c8f2afd8,0x00000006cc700000)
 Metaspace       used 10853K, capacity 11152K, committed 11392K, reserved 1058816K
  class space    used 1312K, capacity 1391K, committed 1408K, reserved 1048576K
}
Event: 4.664 GC heap before
{Heap before GC invocations=3 (full 1):
 PSYoungGen      total 76288K, used 1940K [0x000000076b400000, 0x0000000774900000, 0x00000007c0000000)
  eden space 65536K, 0% used [0x000000076b400000,0x000000076b400000,0x000000076f400000)
  from space 10752K, 18% used [0x000000076fe80000,0x0000000770065260,0x0000000770900000)
  to   space 10752K, 0% used [0x000000076f400000,0x000000076f400000,0x000000076fe80000)
 ParOldGen       total 175104K, used 117931K [0x00000006c1c00000, 0x00000006cc700000, 0x000000076b400000)
  object space 175104K, 67% used [0x00000006c1c00000,0x00000006c8f2afd8,0x00000006cc700000)
 Metaspace       used 10853K, capacity 11152K, committed 11392K, reserved 1058816K
  class space    used 1312K, capacity 1391K, committed 1408K, reserved 1048576K
Event: 4.678 GC heap after
Heap after GC invocations=3 (full 1):
 PSYoungGen      total 76288K, used 0K [0x000000076b400000, 0x0000000774900000, 0x00000007c0000000)
  eden space 65536K, 0% used [0x000000076b400000,0x000000076b400000,0x000000076f400000)
  from space 10752K, 0% used [0x000000076fe80000,0x000000076fe80000,0x0000000770900000)
  to   space 10752K, 0% used [0x000000076f400000,0x000000076f400000,0x000000076fe80000)
 ParOldGen       total 199168K, used 41059K [0x00000006c1c00000, 0x00000006cde80000, 0x000000076b400000)
  object space 199168K, 20% used [0x00000006c1c00000,0x00000006c4418ce0,0x00000006cde80000)
 Metaspace       used 10853K, capacity 11152K, committed 11392K, reserved 1058816K
  class space    used 1312K, capacity 1391K, committed 1408K, reserved 1048576K
}
Event: 7.844 GC heap before
{Heap before GC invocations=4 (full 1):
 PSYoungGen      total 76288K, used 65536K [0x000000076b400000, 0x0000000774900000, 0x00000007c0000000)
  eden space 65536K, 100% used [0x000000076b400000,0x000000076f400000,0x000000076f400000)
  from space 10752K, 0% used [0x000000076fe80000,0x000000076fe80000,0x0000000770900000)
  to   space 10752K, 0% used [0x000000076f400000,0x000000076f400000,0x000000076fe80000)
 ParOldGen       total 199168K, used 41059K [0x00000006c1c00000, 0x00000006cde80000, 0x000000076b400000)
  object space 199168K, 20% used [0x00000006c1c00000,0x00000006c4418ce0,0x00000006cde80000)
 Metaspace       used 14437K, capacity 14730K, committed 14976K, reserved 1062912K
  class space    used 1716K, capacity 1812K, committed 1920K, reserved 1048576K
Event: 7.849 GC heap after
Heap after GC invocations=4 (full 1):
 PSYoungGen      total 76288K, used 8671K [0x000000076b400000, 0x0000000774400000, 0x00000007c0000000)
  eden space 65536K, 0% used [0x000000076b400000,0x000000076b400000,0x000000076f400000)
  from space 10752K, 80% used [0x000000076f400000,0x000000076fc77f28,0x000000076fe80000)
  to   space 10752K, 0% used [0x0000000773980000,0x0000000773980000,0x0000000774400000)
 ParOldGen       total 199168K, used 80372K [0x00000006c1c00000, 0x00000006cde80000, 0x000000076b400000)
  object space 199168K, 40% used [0x00000006c1c00000,0x00000006c6a7d228,0x00000006cde80000)
 Metaspace       used 14437K, capacity 14730K, committed 14976K, reserved 1062912K
  class space    used 1716K, capacity 1812K, committed 1920K, reserved 1048576K
}

Deoptimization events (10 events):
Event: 7.740 Thread 0x000000001f7f6800 Uncommon trap: reason=class_check action=maybe_recompile pc=0x0000000002fc0f48 method=java.lang.String.equals(Ljava/lang/Object;)Z @ 8
Event: 7.740 Thread 0x000000001f7f6800 Uncommon trap: reason=class_check action=maybe_recompile pc=0x0000000002fc0f48 method=java.lang.String.equals(Ljava/lang/Object;)Z @ 8
Event: 7.860 Thread 0x000000001f7f6800 Uncommon trap: reason=class_check action=maybe_recompile pc=0x00000000031765a0 method=java.util.HashMap.putVal(ILjava/lang/Object;Ljava/lang/Object;ZZ)Ljava/lang/Object; @ 203
Event: 7.860 Thread 0x000000001f7f6800 Uncommon trap: reason=class_check action=maybe_recompile pc=0x00000000031765a0 method=java.util.HashMap.putVal(ILjava/lang/Object;Ljava/lang/Object;ZZ)Ljava/lang/Object; @ 203
Event: 7.860 Thread 0x000000001f7f6800 Uncommon trap: reason=class_check action=maybe_recompile pc=0x00000000031765a0 method=java.util.HashMap.putVal(ILjava/lang/Object;Ljava/lang/Object;ZZ)Ljava/lang/Object; @ 203
Event: 7.860 Thread 0x000000001f7f6800 Uncommon trap: reason=class_check action=maybe_recompile pc=0x00000000031765a0 method=java.util.HashMap.putVal(ILjava/lang/Object;Ljava/lang/Object;ZZ)Ljava/lang/Object; @ 203
Event: 7.865 Thread 0x000000001f7f6800 Uncommon trap: reason=unstable_if action=reinterpret pc=0x00000000031524f4 method=java.lang.CharacterData.of(I)Ljava/lang/CharacterData; @ 4
Event: 7.873 Thread 0x000000001f7f6800 Uncommon trap: reason=unstable_if action=reinterpret pc=0x0000000003201abc method=java.lang.Character.isSurrogate(C)Z @ 3
Event: 7.926 Thread 0x000000001f7f6800 Uncommon trap: reason=class_check action=maybe_recompile pc=0x000000000316823c method=java.io.BufferedInputStream.read1([BII)I @ 39
Event: 7.926 Thread 0x000000001f7f6800 Uncommon trap: reason=class_check action=maybe_recompile pc=0x000000000316823c method=java.io.BufferedInputStream.read1([BII)I @ 39

Classes redefined (0 events):
No events

Internal exceptions (10 events):
Event: 0.049 Thread 0x0000000002d92800 Exception <a 'java/lang/NoSuchMethodError': Method sun.misc.Unsafe.defineClass(Ljava/lang/String;[BII)Ljava/lang/Class; name or signature does not match> (0x000000076b407cb8) thrown at [C:\re\workspace\8-2-build-windows-amd64-cygwin\jdk8u231\13620\hotspot
Event: 0.049 Thread 0x0000000002d92800 Exception <a 'java/lang/NoSuchMethodError': Method sun.misc.Unsafe.prefetchRead(Ljava/lang/Object;J)V name or signature does not match> (0x000000076b407fa0) thrown at [C:\re\workspace\8-2-build-windows-amd64-cygwin\jdk8u231\13620\hotspot\src\share\vm\prim
Event: 0.111 Thread 0x0000000002d92800 Exception <a 'java/security/PrivilegedActionException'> (0x000000076b495978) thrown at [C:\re\workspace\8-2-build-windows-amd64-cygwin\jdk8u231\13620\hotspot\src\share\vm\prims\jvm.cpp, line 1502]
Event: 0.111 Thread 0x0000000002d92800 Exception <a 'java/security/PrivilegedActionException'> (0x000000076b495b88) thrown at [C:\re\workspace\8-2-build-windows-amd64-cygwin\jdk8u231\13620\hotspot\src\share\vm\prims\jvm.cpp, line 1502]
Event: 0.112 Thread 0x0000000002d92800 Exception <a 'java/security/PrivilegedActionException'> (0x000000076b499c80) thrown at [C:\re\workspace\8-2-build-windows-amd64-cygwin\jdk8u231\13620\hotspot\src\share\vm\prims\jvm.cpp, line 1502]
Event: 0.112 Thread 0x0000000002d92800 Exception <a 'java/security/PrivilegedActionException'> (0x000000076b499e90) thrown at [C:\re\workspace\8-2-build-windows-amd64-cygwin\jdk8u231\13620\hotspot\src\share\vm\prims\jvm.cpp, line 1502]
Event: 0.634 Thread 0x0000000002d92800 Exception <a 'java/io/FileNotFoundException'> (0x000000076b9bce90) thrown at [C:\re\workspace\8-2-build-windows-amd64-cygwin\jdk8u231\13620\hotspot\src\share\vm\prims\jni.cpp, line 710]
Event: 0.663 Thread 0x0000000002d92800 Exception <a 'java/lang/NoSuchFieldError': method resolution failed> (0x000000076bbd4ef8) thrown at [C:\re\workspace\8-2-build-windows-amd64-cygwin\jdk8u231\13620\hotspot\src\share\vm\prims\methodHandles.cpp, line 1167]
Event: 0.664 Thread 0x0000000002d92800 Exception <a 'java/lang/NoSuchFieldError': method resolution failed> (0x000000076bbe2618) thrown at [C:\re\workspace\8-2-build-windows-amd64-cygwin\jdk8u231\13620\hotspot\src\share\vm\prims\methodHandles.cpp, line 1167]
Event: 3.181 Thread 0x000000001f7a2800 Exception <a 'java/io/FileNotFoundException'> (0x000000076d4e03e8) thrown at [C:\re\workspace\8-2-build-windows-amd64-cygwin\jdk8u231\13620\hotspot\src\share\vm\prims\jni.cpp, line 710]

Events (10 events):
Event: 7.918 Executing VM operation: RevokeBias
Event: 7.918 Executing VM operation: RevokeBias done
Event: 7.926 Thread 0x000000001f7f6800 Uncommon trap: trap_request=0xffffffde fr.pc=0x000000000316823c
Event: 7.926 Executing VM operation: RevokeBias
Event: 7.926 Executing VM operation: RevokeBias done
Event: 7.926 Thread 0x000000001f7f6800 DEOPT PACKING pc=0x000000000316823c sp=0x00000000215de660
Event: 7.926 Thread 0x000000001f7f6800 DEOPT UNPACKING pc=0x0000000002ed583b sp=0x00000000215de5b8 mode 2
Event: 7.926 Thread 0x000000001f7f6800 Uncommon trap: trap_request=0xffffffde fr.pc=0x000000000316823c
Event: 7.926 Thread 0x000000001f7f6800 DEOPT PACKING pc=0x000000000316823c sp=0x00000000215de660
Event: 7.926 Thread 0x000000001f7f6800 DEOPT UNPACKING pc=0x0000000002ed583b sp=0x00000000215de5b8 mode 2


Dynamic libraries:
0x00007ff618f10000 - 0x00007ff618f47000 	C:\Program Files\Java\jdk1.8.0_231\jre\bin\java.exe
0x00007ffcb4060000 - 0x00007ffcb4250000 	C:\WINDOWS\SYSTEM32\ntdll.dll
0x00007ffcb2ed0000 - 0x00007ffcb2f82000 	C:\WINDOWS\System32\KERNEL32.DLL
0x00007ffcb1a00000 - 0x00007ffcb1ca3000 	C:\WINDOWS\System32\KERNELBASE.dll
0x00007ffcb2800000 - 0x00007ffcb28a3000 	C:\WINDOWS\System32\ADVAPI32.dll
0x00007ffcb36f0000 - 0x00007ffcb378e000 	C:\WINDOWS\System32\msvcrt.dll
0x00007ffcb3650000 - 0x00007ffcb36e7000 	C:\WINDOWS\System32\sechost.dll
0x00007ffcb2b90000 - 0x00007ffcb2cb0000 	C:\WINDOWS\System32\RPCRT4.dll
0x00007ffcb3e80000 - 0x00007ffcb4014000 	C:\WINDOWS\System32\USER32.dll
0x00007ffcb1770000 - 0x00007ffcb1791000 	C:\WINDOWS\System32\win32u.dll
0x00007ffcb2d10000 - 0x00007ffcb2d36000 	C:\WINDOWS\System32\GDI32.dll
0x00007ffcb1e20000 - 0x00007ffcb1fb4000 	C:\WINDOWS\System32\gdi32full.dll
0x00007ffcb1960000 - 0x00007ffcb19fe000 	C:\WINDOWS\System32\msvcp_win.dll
0x00007ffcb1d20000 - 0x00007ffcb1e1a000 	C:\WINDOWS\System32\ucrtbase.dll
0x00007ffca1db0000 - 0x00007ffca2035000 	C:\WINDOWS\WinSxS\amd64_microsoft.windows.common-controls_6595b64144ccf1df_6.0.18362.535_none_e6c3b34713100821\COMCTL32.dll
0x00007ffcb3010000 - 0x00007ffcb3346000 	C:\WINDOWS\System32\combase.dll
0x00007ffcb18e0000 - 0x00007ffcb1960000 	C:\WINDOWS\System32\bcryptPrimitives.dll
0x00007ffcb2cb0000 - 0x00007ffcb2cde000 	C:\WINDOWS\System32\IMM32.DLL
0x000000005d2a0000 - 0x000000005d372000 	C:\Program Files\Java\jdk1.8.0_231\jre\bin\msvcr100.dll
0x000000005c0a0000 - 0x000000005c946000 	C:\Program Files\Java\jdk1.8.0_231\jre\bin\server\jvm.dll
0x00007ffcb3640000 - 0x00007ffcb3648000 	C:\WINDOWS\System32\PSAPI.DLL
0x00007ffc9c030000 - 0x00007ffc9c039000 	C:\WINDOWS\SYSTEM32\WSOCK32.dll
0x00007ffcad7a0000 - 0x00007ffcad7c4000 	C:\WINDOWS\SYSTEM32\WINMM.dll
0x00007ffca60e0000 - 0x00007ffca60ea000 	C:\WINDOWS\SYSTEM32\VERSION.dll
0x00007ffcb2910000 - 0x00007ffcb297f000 	C:\WINDOWS\System32\WS2_32.dll
0x00007ffcad770000 - 0x00007ffcad79d000 	C:\WINDOWS\SYSTEM32\winmmbase.dll
0x00007ffcb1cd0000 - 0x00007ffcb1d1a000 	C:\WINDOWS\System32\cfgmgr32.dll
0x00007ffcaba10000 - 0x00007ffcaba1f000 	C:\Program Files\Java\jdk1.8.0_231\jre\bin\verify.dll
0x00007ffca3270000 - 0x00007ffca3299000 	C:\Program Files\Java\jdk1.8.0_231\jre\bin\java.dll
0x00007ffcaa580000 - 0x00007ffcaa596000 	C:\Program Files\Java\jdk1.8.0_231\jre\bin\zip.dll
0x00007ffcb3790000 - 0x00007ffcb3e75000 	C:\WINDOWS\System32\SHELL32.dll
0x00007ffcb2980000 - 0x00007ffcb2a29000 	C:\WINDOWS\System32\shcore.dll
0x00007ffcb0ff0000 - 0x00007ffcb176f000 	C:\WINDOWS\System32\windows.storage.dll
0x00007ffcb0f80000 - 0x00007ffcb0f9f000 	C:\WINDOWS\System32\profapi.dll
0x00007ffcb0fa0000 - 0x00007ffcb0fea000 	C:\WINDOWS\System32\powrprof.dll
0x00007ffcb0f30000 - 0x00007ffcb0f40000 	C:\WINDOWS\System32\UMPDC.dll
0x00007ffcb28b0000 - 0x00007ffcb2902000 	C:\WINDOWS\System32\shlwapi.dll
0x00007ffcb0f40000 - 0x00007ffcb0f51000 	C:\WINDOWS\System32\kernel.appcore.dll
0x00007ffcb1cb0000 - 0x00007ffcb1cc7000 	C:\WINDOWS\System32\cryptsp.dll
0x00007ffca84f0000 - 0x00007ffca850a000 	C:\Program Files\Java\jdk1.8.0_231\jre\bin\net.dll
0x00007ffcb07a0000 - 0x00007ffcb0807000 	C:\WINDOWS\system32\mswsock.dll
0x00007ffc7a7c0000 - 0x00007ffc7a95a000 	C:\Program Files\Java\jdk1.8.0_231\jre\bin\awt.dll
0x00007ffcb26b0000 - 0x00007ffcb2774000 	C:\WINDOWS\System32\OLEAUT32.dll
0x00007ffcaed60000 - 0x00007ffcaedef000 	C:\WINDOWS\SYSTEM32\apphelp.dll
0x00007ffcaee60000 - 0x00007ffcaeef9000 	C:\WINDOWS\system32\uxtheme.dll
0x00007ffcb3500000 - 0x00007ffcb3635000 	C:\WINDOWS\System32\MSCTF.dll
0x00007ffcb2a30000 - 0x00007ffcb2b86000 	C:\WINDOWS\System32\ole32.dll
0x00007ffcaf280000 - 0x00007ffcaf2ad000 	C:\WINDOWS\system32\DWMAPI.DLL
0x00007ffc7a660000 - 0x00007ffc7a7b6000 	C:\WINDOWS\system32\opengl32.dll
0x00007ffc9e700000 - 0x00007ffc9e72c000 	C:\WINDOWS\SYSTEM32\GLU32.dll
0x00007ffcafba0000 - 0x00007ffcafbc0000 	C:\WINDOWS\SYSTEM32\dxcore.dll
0x00007ffcb0310000 - 0x00007ffcb0343000 	C:\WINDOWS\system32\rsaenh.dll
0x00007ffcb18b0000 - 0x00007ffcb18d6000 	C:\WINDOWS\System32\bcrypt.dll
0x00007ffcb0e20000 - 0x00007ffcb0e45000 	C:\WINDOWS\SYSTEM32\USERENV.dll
0x00007ffcb0970000 - 0x00007ffcb097c000 	C:\WINDOWS\SYSTEM32\CRYPTBASE.dll
0x00007ffcb04b0000 - 0x00007ffcb04ea000 	C:\WINDOWS\SYSTEM32\IPHLPAPI.DLL
0x00007ffcb2d00000 - 0x00007ffcb2d08000 	C:\WINDOWS\System32\NSI.dll
0x00007ffcaf710000 - 0x00007ffcaf726000 	C:\WINDOWS\SYSTEM32\dhcpcsvc6.DLL
0x00007ffcaf6f0000 - 0x00007ffcaf70c000 	C:\WINDOWS\SYSTEM32\dhcpcsvc.DLL
0x00007ffcb04f0000 - 0x00007ffcb05ba000 	C:\WINDOWS\SYSTEM32\DNSAPI.dll
0x00007ffca3650000 - 0x00007ffca3662000 	C:\Program Files\Java\jdk1.8.0_231\jre\bin\nio.dll
0x00007ffc9c430000 - 0x00007ffc9c479000 	C:\Program Files\Java\jdk1.8.0_231\jre\bin\fontmanager.dll
0x00007ffc9c210000 - 0x00007ffc9c252000 	C:\Program Files\Java\jdk1.8.0_231\jre\bin\t2k.dll
0x00007ffca4d40000 - 0x00007ffca4dde000 	C:\WINDOWS\System32\TextInputFramework.dll
0x00007ffcacd40000 - 0x00007ffcad06a000 	C:\WINDOWS\System32\CoreUIComponents.dll
0x00007ffcae7e0000 - 0x00007ffcae8b4000 	C:\WINDOWS\System32\CoreMessaging.dll
0x00007ffcacbc0000 - 0x00007ffcacd13000 	C:\WINDOWS\SYSTEM32\wintypes.dll
0x00007ffcaff90000 - 0x00007ffcaffc1000 	C:\WINDOWS\SYSTEM32\ntmarta.dll
0x00007ffca2910000 - 0x00007ffca2bb6000 	C:\WINDOWS\System32\iertutil.dll

VM Arguments:
jvm_args: -Dfile.encoding=UTF-8 
java_command: com.codename1.impl.javase.Simulator com.mahmoud.myapp.MyApplication
java_class_path (initial): C:\Users\mahmoud\Documents\NetBeansProjects\Chick_Click_Mobile\JavaSE.jar;C:\Users\mahmoud\Documents\NetBeansProjects\Chick_Click_Mobile\lib\CLDC11.jar;C:\Users\mahmoud\Documents\NetBeansProjects\Chick_Click_Mobile\lib\CodenameOne.jar;C:\Users\mahmoud\Documents\NetBeansProjects\Chick_Click_Mobile\lib\CodenameOne_SRC.zip;C:\Users\mahmoud\Documents\NetBeansProjects\Chick_Click_Mobile\override;C:\Users\mahmoud\Documents\NetBeansProjects\Chick_Click_Mobile\lib\impl\cls;C:\Users\mahmoud\Documents\NetBeansProjects\Chick_Click_Mobile\lib\impl\stubs;C:\Users\mahmoud\Documents\NetBeansProjects\Chick_Click_Mobile\build\classes;C:\Users\mahmoud\Documents\NetBeansProjects\Chick_Click_Mobile\native\internal_tmp
Launcher Type: SUN_STANDARD

Environment Variables:
JAVA_HOME=C:\Program Files\Java\jdk1.8.0_231
PATH=C:\Program Files (x86)\Common Files\Oracle\Java\javapath;C:\oraclexe\app\oracle\product\10.2.0\server\bin;C:\ProgramData\Oracle\Java\javapath;C:\Program Files (x86)\Intel\iCLS Client\;C:\Program Files\Intel\iCLS Client\;C:\windows\system32;C:\windows;C:\windows\System32\Wbem;C:\windows\System32\WindowsPowerShell\v1.0\;C:\Program Files (x86)\Intel\Intel(R) Management Engine Components\DAL;C:\Program Files\Intel\Intel(R) Management Engine Components\DAL;C:\Program Files (x86)\Intel\Intel(R) Management Engine Components\IPT;C:\Program Files\Intel\Intel(R) Management Engine Components\IPT;C:\Program Files\apache-maven\bin;C:\Program Files\Git\cmd;C:\WINDOWS\system32;C:\WINDOWS;C:\WINDOWS\System32\Wbem;C:\WINDOWS\System32\WindowsPowerShell\v1.0\;C:\WINDOWS\System32\OpenSSH\;C:\Program Files (x86)\NVIDIA Corporation\PhysX\Common;C:\Program Files\IDM Computer Solutions\UEStudio;C:\Program Files\NVIDIA Corporation\NVIDIA NvDLISR;C:\Program Files\Intel\WiFi\bin\;C:\Program Files\Common Files\Intel\WirelessCommon\;C:\sqlite3;C:\Program Files\nodejs\;C:\Program Files\Dart\dart-sdk\bin;C:\wamp64\bin\php\php5.6.25;C:\Program Files\Java\jdk1.8.0_231\bin;;%SystemRoot%\system32;%SystemRoot%;%SystemRoot%\System32\Wbem;%SYSTEMROOT%\System32\WindowsPowerShell\v1.0\;%SYSTEMROOT%\System32\OpenSSH\;C:\Users\mahmoud\AppData\Local\Microsoft\WindowsApps;C:\ProgramData\mahmoud\atom\bin;C:\Users\mahmoud\AppData\Local\atom\bin;C:\Users\mahmoud\AppData\Local\Microsoft\WindowsApps;C:\Program Files\Intel\WiFi\bin\;C:\Program Files\Common Files\Intel\WirelessCommon\;C:\Program Files\Java\jdk1.8.0_144\bin;C:\Users\mahmoud\AppData\Roaming\npm;C:\Program Files\JetBrains\WebStorm 2019.1.3\bin;;C:\src\flutter\bin;C:\Users\mahmoud\AppData\Local\Programs\Microsoft VS Code\bin;C:\wamp64\bin\php\php5.6.25;C:\Program Files\Java\jre1.8.0_181\bin;C:\Program Files\Java\jdk1.8.0_231\bin;C:\Program Files (x86)\Jar2Exe Wizard\;
USERNAME=mahmoud
OS=Windows_NT
PROCESSOR_IDENTIFIER=Intel64 Family 6 Model 158 Stepping 9, GenuineIntel



---------------  S Y S T E M  ---------------

OS: Windows 10.0 , 64 bit Build 18362 (10.0.18362.329)

CPU:total 8 (initial active 8) (4 cores per cpu, 2 threads per core) family 6 model 158 stepping 9, cmov, cx8, fxsr, mmx, sse, sse2, sse3, ssse3, sse4.1, sse4.2, popcnt, avx, avx2, aes, clmul, erms, 3dnowpref, lzcnt, ht, tsc, tscinvbit, bmi1, bmi2, adx

Memory: 4k page, physical 16659684k(5390156k free), swap 47755488k(5612k free)

vm_info: Java HotSpot(TM) 64-Bit Server VM (25.231-b11) for windows-amd64 JRE (1.8.0_231-b11), built on Oct  5 2019 03:11:30 by "java_re" with MS VC++ 10.0 (VS2010)

time: Wed Jan 01 00:19:27 2020
timezone: W. Central Africa Standard Time
elapsed time: 8 seconds (0d 0h 0m 8s)

