#
# There is insufficient memory for the Java Runtime Environment to continue.
# Native memory allocation (malloc) failed to allocate 1219216 bytes for Chunk::new
# Possible reasons:
#   The system is out of physical RAM or swap space
#   The process is running with CompressedOops enabled, and the Java Heap may be blocking the growth of the native heap
# Possible solutions:
#   Reduce memory load on the system
#   Increase physical memory or swap space
#   Check if swap backing store is full
#   Decrease Java heap size (-Xmx/-Xms)
#   Decrease number of Java threads
#   Decrease Java thread stack sizes (-Xss)
#   Set larger code cache with -XX:ReservedCodeCacheSize=
#   JVM is running with Zero Based Compressed Oops mode in which the Java heap is
#     placed in the first 32GB address space. The Java Heap base address is the
#     maximum limit for the native heap growth. Please use -XX:HeapBaseMinAddress
#     to set the Java Heap base and to place the Java Heap above 32GB virtual address.
# This output file may be truncated or incomplete.
#
#  Out of Memory Error (allocation.cpp:389), pid=19700, tid=0x0000000000006bd8
#
# JRE version: Java(TM) SE Runtime Environment (8.0_231-b11) (build 1.8.0_231-b11)
# Java VM: Java HotSpot(TM) 64-Bit Server VM (25.231-b11 mixed mode windows-amd64 compressed oops)
# Failed to write core dump. Minidumps are not enabled by default on client versions of Windows
#

---------------  T H R E A D  ---------------

Current thread (0x000000001e59d800):  JavaThread "C2 CompilerThread1" daemon [_thread_in_native, id=27608, stack(0x000000001ef60000,0x000000001f060000)]

Stack: [0x000000001ef60000,0x000000001f060000]
[error occurred during error reporting (printing stack bounds), id 0xc0000005]

Native frames: (J=compiled Java code, j=interpreted, Vv=VM code, C=native code)


Current CompileTask:
C2:  74863 2907       4       com.codename1.ui.Label::getStringWidth (40 bytes)


---------------  P R O C E S S  ---------------

Java Threads: ( => current thread )
  0x000000001fa6b800 JavaThread "TimerQueue" daemon [_thread_blocked, id=13732, stack(0x0000000024560000,0x0000000024660000)]
  0x0000000022267800 JavaThread "invokeAndBlock1" [_thread_blocked, id=10120, stack(0x0000000020920000,0x0000000020a20000)]
  0x00000000220ec000 JavaThread "Network Thread" [_thread_blocked, id=18612, stack(0x0000000022e90000,0x0000000022f90000)]
  0x000000001f9f0800 JavaThread "Network Thread" [_thread_blocked, id=27488, stack(0x00000000214c0000,0x00000000215c0000)]
  0x000000001fb2b800 JavaThread "EDT" [_thread_blocked, id=24248, stack(0x00000000215c0000,0x00000000216c0000)]
  0x0000000002c72800 JavaThread "DestroyJavaVM" [_thread_blocked, id=3228, stack(0x0000000002b70000,0x0000000002c70000)]
  0x000000001f66e000 JavaThread "Thread-4" [_thread_blocked, id=26096, stack(0x00000000202e0000,0x00000000203e0000)]
  0x000000001f66b800 JavaThread "AWT-EventQueue-0" [_thread_blocked, id=10920, stack(0x00000000201e0000,0x00000000202e0000)]
  0x000000001f667000 JavaThread "AWT-Windows" daemon [_thread_in_native, id=23920, stack(0x000000001ffa0000,0x00000000200a0000)]
  0x000000001f660000 JavaThread "AWT-Shutdown" [_thread_blocked, id=17712, stack(0x000000001fea0000,0x000000001ffa0000)]
  0x000000001f65f800 JavaThread "Java2D Disposer" daemon [_thread_blocked, id=12248, stack(0x000000001fda0000,0x000000001fea0000)]
  0x000000001e636800 JavaThread "Service Thread" daemon [_thread_blocked, id=12188, stack(0x000000001f260000,0x000000001f360000)]
  0x000000001e5a4800 JavaThread "C1 CompilerThread3" daemon [_thread_blocked, id=5892, stack(0x000000001f160000,0x000000001f260000)]
  0x000000001e5a0800 JavaThread "C2 CompilerThread2" daemon [_thread_blocked, id=15772, stack(0x000000001f060000,0x000000001f160000)]
=>0x000000001e59d800 JavaThread "C2 CompilerThread1" daemon [_thread_in_native, id=27608, stack(0x000000001ef60000,0x000000001f060000)]
  0x000000001e595800 JavaThread "C2 CompilerThread0" daemon [_thread_blocked, id=29344, stack(0x000000001ee60000,0x000000001ef60000)]
  0x000000001e591000 JavaThread "Attach Listener" daemon [_thread_blocked, id=21768, stack(0x000000001ed60000,0x000000001ee60000)]
  0x000000001e590000 JavaThread "Signal Dispatcher" daemon [_thread_blocked, id=22564, stack(0x000000001ec60000,0x000000001ed60000)]
  0x0000000002d68000 JavaThread "Finalizer" daemon [_thread_blocked, id=28620, stack(0x000000001ea60000,0x000000001eb60000)]
  0x000000001e580800 JavaThread "Reference Handler" daemon [_thread_blocked, id=8800, stack(0x000000001e960000,0x000000001ea60000)]

Other Threads:
  0x000000001c789800 VMThread [stack: 0x000000001e460000,0x000000001e560000] [id=6796]
  0x000000001e640800 WatcherThread [stack: 0x000000001f360000,0x000000001f460000] [id=18580]

VM state:not at safepoint (normal execution)

VM Mutex/Monitor currently owned by a thread: None

heap address: 0x00000006c1c00000, size: 4068 MB, Compressed Oops mode: Zero based, Oop shift amount: 3
Narrow klass base: 0x0000000000000000, Narrow klass shift: 3
Compressed class space size: 1073741824 Address: 0x00000007c0000000

Heap:
 PSYoungGen      total 134656K, used 76388K [0x000000076b400000, 0x0000000774380000, 0x00000007c0000000)
  eden space 123904K, 52% used [0x000000076b400000,0x000000076f41f1f8,0x0000000772d00000)
  from space 10752K, 99% used [0x0000000773900000,0x000000077437a1e0,0x0000000774380000)
  to   space 10752K, 0% used [0x0000000772e80000,0x0000000772e80000,0x0000000773900000)
 ParOldGen       total 199680K, used 95272K [0x00000006c1c00000, 0x00000006cdf00000, 0x000000076b400000)
  object space 199680K, 47% used [0x00000006c1c00000,0x00000006c790a0b8,0x00000006cdf00000)
 Metaspace       used 19506K, capacity 19916K, committed 20096K, reserved 1067008K
  class space    used 2296K, capacity 2413K, committed 2432K, reserved 1048576K

Card table byte_map: [0x0000000012130000,0x0000000012930000] byte_map_base: 0x000000000eb22000

Marking Bits: (ParMarkBitMap*) 0x000000005cc66d90
 Begin Bits: [0x0000000013680000, 0x0000000017610000)
 End Bits:   [0x0000000017610000, 0x000000001b5a0000)

Polling page: 0x00000000009e0000

CodeCache: size=245760Kb used=9678Kb max_used=9681Kb free=236081Kb
 bounds [0x0000000002d70000, 0x0000000003700000, 0x0000000011d70000]
 total_blobs=3211 nmethods=2624 adapters=497
 compilation: enabled

Compilation events (10 events):
Event: 74.321 Thread 0x000000001e5a4800 2925       3       java.awt.image.Raster::getTransferType (8 bytes)
Event: 74.321 Thread 0x000000001e5a4800 nmethod 2925 0x00000000036b4150 code [0x00000000036b42c0, 0x00000000036b44e8]
Event: 74.323 Thread 0x000000001e5a0800 2926       4       java.awt.image.PackedColorModel::countBits (44 bytes)
Event: 74.324 Thread 0x000000001e5a0800 nmethod 2926 0x000000000368f950 code [0x000000000368fa80, 0x000000000368fb38]
Event: 74.332 Thread 0x000000001e595800 2927       4       com.codename1.ui.plaf.Style::getPaddingTop (16 bytes)
Event: 74.332 Thread 0x000000001e5a4800 2928       3       com.codename1.ui.layouts.BorderLayout::layoutContainer (845 bytes)
Event: 74.334 Thread 0x000000001e595800 nmethod 2927 0x00000000036e3850 code [0x00000000036e39e0, 0x00000000036e3ce8]
Event: 74.336 Thread 0x000000001e5a4800 nmethod 2928 0x00000000036e4990 code [0x00000000036e52e0, 0x00000000036eb448]
Event: 74.342 Thread 0x000000001e5a0800 2929       4       java.awt.geom.AffineTransform::setToScale (66 bytes)
Event: 74.342 Thread 0x000000001e5a0800 nmethod 2929 0x000000000369bad0 code [0x000000000369bc40, 0x000000000369bd18]

GC Heap History (10 events):
Event: 5.146 GC heap before
{Heap before GC invocations=1 (full 0):
 PSYoungGen      total 76288K, used 63223K [0x000000076b400000, 0x0000000770900000, 0x00000007c0000000)
  eden space 65536K, 96% used [0x000000076b400000,0x000000076f1bdcc8,0x000000076f400000)
  from space 10752K, 0% used [0x000000076fe80000,0x000000076fe80000,0x0000000770900000)
  to   space 10752K, 0% used [0x000000076f400000,0x000000076f400000,0x000000076fe80000)
 ParOldGen       total 175104K, used 0K [0x00000006c1c00000, 0x00000006cc700000, 0x000000076b400000)
  object space 175104K, 0% used [0x00000006c1c00000,0x00000006c1c00000,0x00000006cc700000)
 Metaspace       used 10862K, capacity 11152K, committed 11392K, reserved 1058816K
  class space    used 1303K, capacity 1391K, committed 1408K, reserved 1048576K
Event: 5.157 GC heap after
Heap after GC invocations=1 (full 0):
 PSYoungGen      total 76288K, used 1972K [0x000000076b400000, 0x0000000770900000, 0x00000007c0000000)
  eden space 65536K, 0% used [0x000000076b400000,0x000000076b400000,0x000000076f400000)
  from space 10752K, 18% used [0x000000076f400000,0x000000076f5ed260,0x000000076fe80000)
  to   space 10752K, 0% used [0x000000076fe80000,0x000000076fe80000,0x0000000770900000)
 ParOldGen       total 175104K, used 39313K [0x00000006c1c00000, 0x00000006cc700000, 0x000000076b400000)
  object space 175104K, 22% used [0x00000006c1c00000,0x00000006c4264548,0x00000006cc700000)
 Metaspace       used 10862K, capacity 11152K, committed 11392K, reserved 1058816K
  class space    used 1303K, capacity 1391K, committed 1408K, reserved 1048576K
}
Event: 5.297 GC heap before
{Heap before GC invocations=2 (full 0):
 PSYoungGen      total 76288K, used 56861K [0x000000076b400000, 0x0000000770900000, 0x00000007c0000000)
  eden space 65536K, 83% used [0x000000076b400000,0x000000076e99a280,0x000000076f400000)
  from space 10752K, 18% used [0x000000076f400000,0x000000076f5ed260,0x000000076fe80000)
  to   space 10752K, 0% used [0x000000076fe80000,0x000000076fe80000,0x0000000770900000)
 ParOldGen       total 175104K, used 39313K [0x00000006c1c00000, 0x00000006cc700000, 0x000000076b400000)
  object space 175104K, 22% used [0x00000006c1c00000,0x00000006c4264548,0x00000006cc700000)
 Metaspace       used 10868K, capacity 11152K, committed 11392K, reserved 1058816K
  class space    used 1303K, capacity 1391K, committed 1408K, reserved 1048576K
Event: 5.313 GC heap after
Heap after GC invocations=2 (full 0):
 PSYoungGen      total 76288K, used 1892K [0x000000076b400000, 0x0000000774900000, 0x00000007c0000000)
  eden space 65536K, 0% used [0x000000076b400000,0x000000076b400000,0x000000076f400000)
  from space 10752K, 17% used [0x000000076fe80000,0x0000000770059250,0x0000000770900000)
  to   space 10752K, 0% used [0x000000076f400000,0x000000076f400000,0x000000076fe80000)
 ParOldGen       total 175104K, used 117931K [0x00000006c1c00000, 0x00000006cc700000, 0x000000076b400000)
  object space 175104K, 67% used [0x00000006c1c00000,0x00000006c8f2afd8,0x00000006cc700000)
 Metaspace       used 10868K, capacity 11152K, committed 11392K, reserved 1058816K
  class space    used 1303K, capacity 1391K, committed 1408K, reserved 1048576K
}
Event: 5.313 GC heap before
{Heap before GC invocations=3 (full 1):
 PSYoungGen      total 76288K, used 1892K [0x000000076b400000, 0x0000000774900000, 0x00000007c0000000)
  eden space 65536K, 0% used [0x000000076b400000,0x000000076b400000,0x000000076f400000)
  from space 10752K, 17% used [0x000000076fe80000,0x0000000770059250,0x0000000770900000)
  to   space 10752K, 0% used [0x000000076f400000,0x000000076f400000,0x000000076fe80000)
 ParOldGen       total 175104K, used 117931K [0x00000006c1c00000, 0x00000006cc700000, 0x000000076b400000)
  object space 175104K, 67% used [0x00000006c1c00000,0x00000006c8f2afd8,0x00000006cc700000)
 Metaspace       used 10868K, capacity 11152K, committed 11392K, reserved 1058816K
  class space    used 1303K, capacity 1391K, committed 1408K, reserved 1048576K
Event: 5.332 GC heap after
Heap after GC invocations=3 (full 1):
 PSYoungGen      total 76288K, used 0K [0x000000076b400000, 0x0000000774900000, 0x00000007c0000000)
  eden space 65536K, 0% used [0x000000076b400000,0x000000076b400000,0x000000076f400000)
  from space 10752K, 0% used [0x000000076fe80000,0x000000076fe80000,0x0000000770900000)
  to   space 10752K, 0% used [0x000000076f400000,0x000000076f400000,0x000000076fe80000)
 ParOldGen       total 199680K, used 41055K [0x00000006c1c00000, 0x00000006cdf00000, 0x000000076b400000)
  object space 199680K, 20% used [0x00000006c1c00000,0x00000006c4417dc8,0x00000006cdf00000)
 Metaspace       used 10868K, capacity 11152K, committed 11392K, reserved 1058816K
  class space    used 1303K, capacity 1391K, committed 1408K, reserved 1048576K
}
Event: 8.868 GC heap before
{Heap before GC invocations=4 (full 1):
 PSYoungGen      total 76288K, used 65536K [0x000000076b400000, 0x0000000774900000, 0x00000007c0000000)
  eden space 65536K, 100% used [0x000000076b400000,0x000000076f400000,0x000000076f400000)
  from space 10752K, 0% used [0x000000076fe80000,0x000000076fe80000,0x0000000770900000)
  to   space 10752K, 0% used [0x000000076f400000,0x000000076f400000,0x000000076fe80000)
 ParOldGen       total 199680K, used 41055K [0x00000006c1c00000, 0x00000006cdf00000, 0x000000076b400000)
  object space 199680K, 20% used [0x00000006c1c00000,0x00000006c4417dc8,0x00000006cdf00000)
 Metaspace       used 14479K, capacity 14794K, committed 15232K, reserved 1062912K
  class space    used 1717K, capacity 1812K, committed 1920K, reserved 1048576K
Event: 8.873 GC heap after
Heap after GC invocations=4 (full 1):
 PSYoungGen      total 76288K, used 7807K [0x000000076b400000, 0x0000000774380000, 0x00000007c0000000)
  eden space 65536K, 0% used [0x000000076b400000,0x000000076b400000,0x000000076f400000)
  from space 10752K, 72% used [0x000000076f400000,0x000000076fb9ffc0,0x000000076fe80000)
  to   space 10752K, 0% used [0x0000000773900000,0x0000000773900000,0x0000000774380000)
 ParOldGen       total 199680K, used 80368K [0x00000006c1c00000, 0x00000006cdf00000, 0x000000076b400000)
  object space 199680K, 40% used [0x00000006c1c00000,0x00000006c6a7c310,0x00000006cdf00000)
 Metaspace       used 14479K, capacity 14794K, committed 15232K, reserved 1062912K
  class space    used 1717K, capacity 1812K, committed 1920K, reserved 1048576K
}
Event: 62.520 GC heap before
{Heap before GC invocations=5 (full 1):
 PSYoungGen      total 76288K, used 71365K [0x000000076b400000, 0x0000000774380000, 0x00000007c0000000)
  eden space 65536K, 96% used [0x000000076b400000,0x000000076f211550,0x000000076f400000)
  from space 10752K, 72% used [0x000000076f400000,0x000000076fb9ffc0,0x000000076fe80000)
  to   space 10752K, 0% used [0x0000000773900000,0x0000000773900000,0x0000000774380000)
 ParOldGen       total 199680K, used 80368K [0x00000006c1c00000, 0x00000006cdf00000, 0x000000076b400000)
  object space 199680K, 40% used [0x00000006c1c00000,0x00000006c6a7c310,0x00000006cdf00000)
 Metaspace       used 18229K, capacity 18534K, committed 18944K, reserved 1067008K
  class space    used 2151K, capacity 2238K, committed 2304K, reserved 1048576K
Event: 62.525 GC heap after
Heap after GC invocations=5 (full 1):
 PSYoungGen      total 134656K, used 10728K [0x000000076b400000, 0x0000000774380000, 0x00000007c0000000)
  eden space 123904K, 0% used [0x000000076b400000,0x000000076b400000,0x0000000772d00000)
  from space 10752K, 99% used [0x0000000773900000,0x000000077437a1e0,0x0000000774380000)
  to   space 10752K, 0% used [0x0000000772e80000,0x0000000772e80000,0x0000000773900000)
 ParOldGen       total 199680K, used 95272K [0x00000006c1c00000, 0x00000006cdf00000, 0x000000076b400000)
  object space 199680K, 47% used [0x00000006c1c00000,0x00000006c790a0b8,0x00000006cdf00000)
 Metaspace       used 18229K, capacity 18534K, committed 18944K, reserved 1067008K
  class space    used 2151K, capacity 2238K, committed 2304K, reserved 1048576K
}

Deoptimization events (10 events):
Event: 63.165 Thread 0x000000001fb2b800 Uncommon trap: reason=unstable_if action=reinterpret pc=0x0000000003568bb4 method=java.lang.Math.min(DD)D @ 11
Event: 63.203 Thread 0x000000001fb2b800 Uncommon trap: reason=bimorphic action=maybe_recompile pc=0x00000000034d06ac method=com.codename1.ui.Form.loopAnimations(Ljava/util/ArrayList;Ljava/util/ArrayList;)V @ 43
Event: 63.203 Thread 0x000000001fb2b800 Uncommon trap: reason=bimorphic action=maybe_recompile pc=0x000000000348d898 method=com.codename1.ui.Component.animate()Z @ 10
Event: 67.050 Thread 0x000000001fb2b800 Uncommon trap: reason=bimorphic action=maybe_recompile pc=0x000000000348d898 method=com.codename1.ui.Component.animate()Z @ 10
Event: 67.208 Thread 0x000000001fb2b800 Uncommon trap: reason=unstable_if action=reinterpret pc=0x000000000318b6dc method=com.codename1.ui.geom.Rectangle.intersects(IIIIIIII)Z @ 23
Event: 71.160 Thread 0x000000001fb2b800 Uncommon trap: reason=bimorphic action=maybe_recompile pc=0x000000000348d898 method=com.codename1.ui.Component.animate()Z @ 10
Event: 71.595 Thread 0x000000001fb2b800 Uncommon trap: reason=unstable_if action=reinterpret pc=0x0000000003087bc0 method=java.io.DataInputStream.readUTF(Ljava/io/DataInput;)Ljava/lang/String; @ 31
Event: 71.756 Thread 0x000000001fb2b800 Uncommon trap: reason=unstable_if action=reinterpret pc=0x000000000354f08c method=sun.java2d.SunGraphics2D.validateColor()V @ 38
Event: 71.917 Thread 0x000000001fb2b800 Uncommon trap: reason=unstable_if action=reinterpret pc=0x000000000355d274 method=java.lang.Math.min(DD)D @ 11
Event: 71.917 Thread 0x000000001fb2b800 Uncommon trap: reason=unstable_if action=reinterpret pc=0x00000000033dc7e0 method=java.lang.Math.min(DD)D @ 11

Classes redefined (0 events):
No events

Internal exceptions (10 events):
Event: 0.188 Thread 0x0000000002c72800 Exception <a 'java/lang/NoSuchMethodError': Method sun.misc.Unsafe.prefetchRead(Ljava/lang/Object;J)V name or signature does not match> (0x000000076b407fa0) thrown at [C:\re\workspace\8-2-build-windows-amd64-cygwin\jdk8u231\13620\hotspot\src\share\vm\prim
Event: 0.269 Thread 0x0000000002c72800 Exception <a 'java/security/PrivilegedActionException'> (0x000000076b495978) thrown at [C:\re\workspace\8-2-build-windows-amd64-cygwin\jdk8u231\13620\hotspot\src\share\vm\prims\jvm.cpp, line 1502]
Event: 0.269 Thread 0x0000000002c72800 Exception <a 'java/security/PrivilegedActionException'> (0x000000076b495b88) thrown at [C:\re\workspace\8-2-build-windows-amd64-cygwin\jdk8u231\13620\hotspot\src\share\vm\prims\jvm.cpp, line 1502]
Event: 0.271 Thread 0x0000000002c72800 Exception <a 'java/security/PrivilegedActionException'> (0x000000076b499c80) thrown at [C:\re\workspace\8-2-build-windows-amd64-cygwin\jdk8u231\13620\hotspot\src\share\vm\prims\jvm.cpp, line 1502]
Event: 0.271 Thread 0x0000000002c72800 Exception <a 'java/security/PrivilegedActionException'> (0x000000076b499e90) thrown at [C:\re\workspace\8-2-build-windows-amd64-cygwin\jdk8u231\13620\hotspot\src\share\vm\prims\jvm.cpp, line 1502]
Event: 0.814 Thread 0x0000000002c72800 Exception <a 'java/io/FileNotFoundException'> (0x000000076b9bfa08) thrown at [C:\re\workspace\8-2-build-windows-amd64-cygwin\jdk8u231\13620\hotspot\src\share\vm\prims\jni.cpp, line 710]
Event: 0.842 Thread 0x0000000002c72800 Exception <a 'java/lang/NoSuchFieldError': method resolution failed> (0x000000076bbd7a50) thrown at [C:\re\workspace\8-2-build-windows-amd64-cygwin\jdk8u231\13620\hotspot\src\share\vm\prims\methodHandles.cpp, line 1167]
Event: 0.843 Thread 0x0000000002c72800 Exception <a 'java/lang/NoSuchFieldError': method resolution failed> (0x000000076bbe5170) thrown at [C:\re\workspace\8-2-build-windows-amd64-cygwin\jdk8u231\13620\hotspot\src\share\vm\prims\methodHandles.cpp, line 1167]
Event: 3.610 Thread 0x000000001f66b800 Exception <a 'java/io/FileNotFoundException'> (0x000000076d4e2640) thrown at [C:\re\workspace\8-2-build-windows-amd64-cygwin\jdk8u231\13620\hotspot\src\share\vm\prims\jni.cpp, line 710]
Event: 62.634 Thread 0x000000001fb2b800 Implicit null exception at 0x0000000003525299 to 0x0000000003525371

Events (10 events):
Event: 71.795 Thread 0x000000001e5a4800 flushing nmethod 0x00000000033c58d0
Event: 71.796 Thread 0x000000001e5a4800 flushing nmethod 0x00000000033f64d0
Event: 71.797 Thread 0x000000001e5a4800 flushing nmethod 0x000000000346b410
Event: 71.797 Thread 0x000000001e5a4800 flushing nmethod 0x00000000034cbe50
Event: 71.917 Thread 0x000000001fb2b800 Uncommon trap: trap_request=0xffffff65 fr.pc=0x000000000355d274
Event: 71.917 Thread 0x000000001fb2b800 DEOPT PACKING pc=0x000000000355d274 sp=0x00000000216bed30
Event: 71.917 Thread 0x000000001fb2b800 DEOPT UNPACKING pc=0x0000000002db583b sp=0x00000000216beba8 mode 2
Event: 71.917 Thread 0x000000001fb2b800 Uncommon trap: trap_request=0xffffff65 fr.pc=0x00000000033dc7e0
Event: 71.917 Thread 0x000000001fb2b800 DEOPT PACKING pc=0x00000000033dc7e0 sp=0x00000000216beb40
Event: 71.917 Thread 0x000000001fb2b800 DEOPT UNPACKING pc=0x0000000002db583b sp=0x00000000216beac8 mode 2


Dynamic libraries:
0x00007ff716e90000 - 0x00007ff716ec7000 	C:\Program Files\Java\jdk1.8.0_231\jre\bin\java.exe
0x00007ffcb4060000 - 0x00007ffcb4250000 	C:\WINDOWS\SYSTEM32\ntdll.dll
0x00007ffcb2ed0000 - 0x00007ffcb2f82000 	C:\WINDOWS\System32\KERNEL32.DLL
0x00007ffcb1a00000 - 0x00007ffcb1ca3000 	C:\WINDOWS\System32\KERNELBASE.dll
0x00007ffcb2800000 - 0x00007ffcb28a3000 	C:\WINDOWS\System32\ADVAPI32.dll
0x00007ffcb36f0000 - 0x00007ffcb378e000 	C:\WINDOWS\System32\msvcrt.dll
0x00007ffcb3650000 - 0x00007ffcb36e7000 	C:\WINDOWS\System32\sechost.dll
0x00007ffcb2b90000 - 0x00007ffcb2cb0000 	C:\WINDOWS\System32\RPCRT4.dll
0x00007ffcb3e80000 - 0x00007ffcb4014000 	C:\WINDOWS\System32\USER32.dll
0x00007ffcb1770000 - 0x00007ffcb1791000 	C:\WINDOWS\System32\win32u.dll
0x00007ffcb2d10000 - 0x00007ffcb2d36000 	C:\WINDOWS\System32\GDI32.dll
0x00007ffcb1e20000 - 0x00007ffcb1fb4000 	C:\WINDOWS\System32\gdi32full.dll
0x00007ffcb1960000 - 0x00007ffcb19fe000 	C:\WINDOWS\System32\msvcp_win.dll
0x00007ffcb1d20000 - 0x00007ffcb1e1a000 	C:\WINDOWS\System32\ucrtbase.dll
0x00007ffca1db0000 - 0x00007ffca2035000 	C:\WINDOWS\WinSxS\amd64_microsoft.windows.common-controls_6595b64144ccf1df_6.0.18362.535_none_e6c3b34713100821\COMCTL32.dll
0x00007ffcb3010000 - 0x00007ffcb3346000 	C:\WINDOWS\System32\combase.dll
0x00007ffcb18e0000 - 0x00007ffcb1960000 	C:\WINDOWS\System32\bcryptPrimitives.dll
0x00007ffcb2cb0000 - 0x00007ffcb2cde000 	C:\WINDOWS\System32\IMM32.DLL
0x000000005c360000 - 0x000000005c432000 	C:\Program Files\Java\jdk1.8.0_231\jre\bin\msvcr100.dll
0x000000005c440000 - 0x000000005cce6000 	C:\Program Files\Java\jdk1.8.0_231\jre\bin\server\jvm.dll
0x00007ffcb3640000 - 0x00007ffcb3648000 	C:\WINDOWS\System32\PSAPI.DLL
0x00007ffc9c030000 - 0x00007ffc9c039000 	C:\WINDOWS\SYSTEM32\WSOCK32.dll
0x00007ffcad7a0000 - 0x00007ffcad7c4000 	C:\WINDOWS\SYSTEM32\WINMM.dll
0x00007ffca60e0000 - 0x00007ffca60ea000 	C:\WINDOWS\SYSTEM32\VERSION.dll
0x00007ffcb2910000 - 0x00007ffcb297f000 	C:\WINDOWS\System32\WS2_32.dll
0x00007ffcad770000 - 0x00007ffcad79d000 	C:\WINDOWS\SYSTEM32\winmmbase.dll
0x00007ffcb1cd0000 - 0x00007ffcb1d1a000 	C:\WINDOWS\System32\cfgmgr32.dll
0x00007ffca1ac0000 - 0x00007ffca1acf000 	C:\Program Files\Java\jdk1.8.0_231\jre\bin\verify.dll
0x00007ffc9d4f0000 - 0x00007ffc9d519000 	C:\Program Files\Java\jdk1.8.0_231\jre\bin\java.dll
0x00007ffca1a70000 - 0x00007ffca1a86000 	C:\Program Files\Java\jdk1.8.0_231\jre\bin\zip.dll
0x00007ffcb3790000 - 0x00007ffcb3e75000 	C:\WINDOWS\System32\SHELL32.dll
0x00007ffcb2980000 - 0x00007ffcb2a29000 	C:\WINDOWS\System32\shcore.dll
0x00007ffcb0ff0000 - 0x00007ffcb176f000 	C:\WINDOWS\System32\windows.storage.dll
0x00007ffcb0f80000 - 0x00007ffcb0f9f000 	C:\WINDOWS\System32\profapi.dll
0x00007ffcb0fa0000 - 0x00007ffcb0fea000 	C:\WINDOWS\System32\powrprof.dll
0x00007ffcb0f30000 - 0x00007ffcb0f40000 	C:\WINDOWS\System32\UMPDC.dll
0x00007ffcb28b0000 - 0x00007ffcb2902000 	C:\WINDOWS\System32\shlwapi.dll
0x00007ffcb0f40000 - 0x00007ffcb0f51000 	C:\WINDOWS\System32\kernel.appcore.dll
0x00007ffcb1cb0000 - 0x00007ffcb1cc7000 	C:\WINDOWS\System32\cryptsp.dll
0x00007ffc9d670000 - 0x00007ffc9d68a000 	C:\Program Files\Java\jdk1.8.0_231\jre\bin\net.dll
0x00007ffcb07a0000 - 0x00007ffcb0807000 	C:\WINDOWS\system32\mswsock.dll
0x00007ffc65c40000 - 0x00007ffc65dda000 	C:\Program Files\Java\jdk1.8.0_231\jre\bin\awt.dll
0x00007ffcb26b0000 - 0x00007ffcb2774000 	C:\WINDOWS\System32\OLEAUT32.dll
0x00007ffcaed60000 - 0x00007ffcaedef000 	C:\WINDOWS\SYSTEM32\apphelp.dll
0x00007ffcaee60000 - 0x00007ffcaeef9000 	C:\WINDOWS\system32\uxtheme.dll
0x00007ffcb3500000 - 0x00007ffcb3635000 	C:\WINDOWS\System32\MSCTF.dll
0x00007ffcb2a30000 - 0x00007ffcb2b86000 	C:\WINDOWS\System32\ole32.dll
0x00007ffcaf280000 - 0x00007ffcaf2ad000 	C:\WINDOWS\system32\DWMAPI.DLL
0x00007ffc6a930000 - 0x00007ffc6aa86000 	C:\WINDOWS\system32\opengl32.dll
0x00007ffc96310000 - 0x00007ffc9633c000 	C:\WINDOWS\SYSTEM32\GLU32.dll
0x00007ffcafba0000 - 0x00007ffcafbc0000 	C:\WINDOWS\SYSTEM32\dxcore.dll
0x00007ffcb0310000 - 0x00007ffcb0343000 	C:\WINDOWS\system32\rsaenh.dll
0x00007ffcb18b0000 - 0x00007ffcb18d6000 	C:\WINDOWS\System32\bcrypt.dll
0x00007ffcb0e20000 - 0x00007ffcb0e45000 	C:\WINDOWS\SYSTEM32\USERENV.dll
0x00007ffcb0970000 - 0x00007ffcb097c000 	C:\WINDOWS\SYSTEM32\CRYPTBASE.dll
0x00007ffcb04b0000 - 0x00007ffcb04ea000 	C:\WINDOWS\SYSTEM32\IPHLPAPI.DLL
0x00007ffcb2d00000 - 0x00007ffcb2d08000 	C:\WINDOWS\System32\NSI.dll
0x00007ffcaf710000 - 0x00007ffcaf726000 	C:\WINDOWS\SYSTEM32\dhcpcsvc6.DLL
0x00007ffcaf6f0000 - 0x00007ffcaf70c000 	C:\WINDOWS\SYSTEM32\dhcpcsvc.DLL
0x00007ffcb04f0000 - 0x00007ffcb05ba000 	C:\WINDOWS\SYSTEM32\DNSAPI.dll
0x00007ffc9d390000 - 0x00007ffc9d3a2000 	C:\Program Files\Java\jdk1.8.0_231\jre\bin\nio.dll
0x00007ffc8d130000 - 0x00007ffc8d179000 	C:\Program Files\Java\jdk1.8.0_231\jre\bin\fontmanager.dll
0x00007ffc84360000 - 0x00007ffc843a2000 	C:\Program Files\Java\jdk1.8.0_231\jre\bin\t2k.dll
0x00007ffca4d40000 - 0x00007ffca4dde000 	C:\WINDOWS\System32\TextInputFramework.dll
0x00007ffcacd40000 - 0x00007ffcad06a000 	C:\WINDOWS\System32\CoreUIComponents.dll
0x00007ffcae7e0000 - 0x00007ffcae8b4000 	C:\WINDOWS\System32\CoreMessaging.dll
0x00007ffcaff90000 - 0x00007ffcaffc1000 	C:\WINDOWS\SYSTEM32\ntmarta.dll
0x00007ffcacbc0000 - 0x00007ffcacd13000 	C:\WINDOWS\SYSTEM32\wintypes.dll
0x00007ffca2910000 - 0x00007ffca2bb6000 	C:\WINDOWS\System32\iertutil.dll
0x00007ffc8cf20000 - 0x00007ffc8cf4a000 	C:\Program Files\Java\jdk1.8.0_231\jre\bin\dcpr.dll
0x00007ffcb2e20000 - 0x00007ffcb2ec2000 	C:\WINDOWS\System32\clbcatq.dll
0x00007ffcac860000 - 0x00007ffcaca0f000 	C:\WINDOWS\SYSTEM32\WindowsCodecs.dll
0x00007ffc87960000 - 0x00007ffc8799a000 	C:\WINDOWS\system32\dataexchange.dll
0x00007ffcae3a0000 - 0x00007ffcae5fb000 	C:\WINDOWS\system32\d3d11.dll
0x00007ffcae600000 - 0x00007ffcae7db000 	C:\WINDOWS\system32\dcomp.dll
0x00007ffcafc30000 - 0x00007ffcafd1b000 	C:\WINDOWS\system32\dxgi.dll
0x00007ffcaef30000 - 0x00007ffcaf18a000 	C:\WINDOWS\system32\twinapi.appcore.dll
0x00007ffcaf440000 - 0x00007ffcaf469000 	C:\WINDOWS\system32\RMCLIENT.dll
0x00007ffca2740000 - 0x00007ffca274a000 	C:\Windows\System32\rasadhlp.dll
0x00007ffcaca10000 - 0x00007ffcaca87000 	C:\WINDOWS\System32\fwpuclnt.dll
0x00007ffc9d520000 - 0x00007ffc9d551000 	C:\Program Files\Java\jdk1.8.0_231\jre\bin\jpeg.dll
0x00007ffc9c590000 - 0x00007ffc9c5ce000 	C:\Program Files\Java\jdk1.8.0_231\jre\bin\lcms.dll

VM Arguments:
jvm_args: -Dfile.encoding=UTF-8 
java_command: com.codename1.impl.javase.Simulator com.mahmoud.myapp.MyApplication
java_class_path (initial): C:\Users\mahmoud\Documents\NetBeansProjects\Chick_Click_Mobile\JavaSE.jar;C:\Users\mahmoud\Documents\NetBeansProjects\Chick_Click_Mobile\lib\CLDC11.jar;C:\Users\mahmoud\Documents\NetBeansProjects\Chick_Click_Mobile\lib\CodenameOne.jar;C:\Users\mahmoud\Documents\NetBeansProjects\Chick_Click_Mobile\lib\CodenameOne_SRC.zip;C:\Users\mahmoud\Documents\NetBeansProjects\Chick_Click_Mobile\override;C:\Users\mahmoud\Documents\NetBeansProjects\Chick_Click_Mobile\lib\impl\cls;C:\Users\mahmoud\Documents\NetBeansProjects\Chick_Click_Mobile\lib\impl\stubs;C:\Users\mahmoud\Documents\NetBeansProjects\Chick_Click_Mobile\build\classes;C:\Users\mahmoud\Documents\NetBeansProjects\Chick_Click_Mobile\native\internal_tmp
Launcher Type: SUN_STANDARD

Environment Variables:
JAVA_HOME=C:\Program Files\Java\jdk1.8.0_231
PATH=C:\Program Files (x86)\Common Files\Oracle\Java\javapath;C:\oraclexe\app\oracle\product\10.2.0\server\bin;C:\ProgramData\Oracle\Java\javapath;C:\Program Files (x86)\Intel\iCLS Client\;C:\Program Files\Intel\iCLS Client\;C:\windows\system32;C:\windows;C:\windows\System32\Wbem;C:\windows\System32\WindowsPowerShell\v1.0\;C:\Program Files (x86)\Intel\Intel(R) Management Engine Components\DAL;C:\Program Files\Intel\Intel(R) Management Engine Components\DAL;C:\Program Files (x86)\Intel\Intel(R) Management Engine Components\IPT;C:\Program Files\Intel\Intel(R) Management Engine Components\IPT;C:\Program Files\apache-maven\bin;C:\Program Files\Git\cmd;C:\WINDOWS\system32;C:\WINDOWS;C:\WINDOWS\System32\Wbem;C:\WINDOWS\System32\WindowsPowerShell\v1.0\;C:\WINDOWS\System32\OpenSSH\;C:\Program Files (x86)\NVIDIA Corporation\PhysX\Common;C:\Program Files\IDM Computer Solutions\UEStudio;C:\Program Files\NVIDIA Corporation\NVIDIA NvDLISR;C:\Program Files\Intel\WiFi\bin\;C:\Program Files\Common Files\Intel\WirelessCommon\;C:\sqlite3;C:\Program Files\nodejs\;C:\Program Files\Dart\dart-sdk\bin;C:\wamp64\bin\php\php5.6.25;C:\Program Files\Java\jdk1.8.0_231\bin;;%SystemRoot%\system32;%SystemRoot%;%SystemRoot%\System32\Wbem;%SYSTEMROOT%\System32\WindowsPowerShell\v1.0\;%SYSTEMROOT%\System32\OpenSSH\;C:\Users\mahmoud\AppData\Local\Microsoft\WindowsApps;C:\ProgramData\mahmoud\atom\bin;C:\Users\mahmoud\AppData\Local\atom\bin;C:\Users\mahmoud\AppData\Local\Microsoft\WindowsApps;C:\Program Files\Intel\WiFi\bin\;C:\Program Files\Common Files\Intel\WirelessCommon\;C:\Program Files\Java\jdk1.8.0_144\bin;C:\Users\mahmoud\AppData\Roaming\npm;C:\Program Files\JetBrains\WebStorm 2019.1.3\bin;;C:\src\flutter\bin;C:\Users\mahmoud\AppData\Local\Programs\Microsoft VS Code\bin;C:\wamp64\bin\php\php5.6.25;C:\Program Files\Java\jre1.8.0_181\bin;C:\Program Files\Java\jdk1.8.0_231\bin;C:\Program Files (x86)\Jar2Exe Wizard\;
USERNAME=mahmoud
OS=Windows_NT
PROCESSOR_IDENTIFIER=Intel64 Family 6 Model 158 Stepping 9, GenuineIntel



---------------  S Y S T E M  ---------------

OS: Windows 10.0 , 64 bit Build 18362 (10.0.18362.329)

CPU:total 8 (initial active 8) (4 cores per cpu, 2 threads per core) family 6 model 158 stepping 9, cmov, cx8, fxsr, mmx, sse, sse2, sse3, ssse3, sse4.1, sse4.2, popcnt, avx, avx2, aes, clmul, erms, 3dnowpref, lzcnt, ht, tsc, tscinvbit, bmi1, bmi2, adx

Memory: 4k page, physical 16659684k(4147392k free), swap 47755488k(5216k free)

vm_info: Java HotSpot(TM) 64-Bit Server VM (25.231-b11) for windows-amd64 JRE (1.8.0_231-b11), built on Oct  5 2019 03:11:30 by "java_re" with MS VC++ 10.0 (VS2010)

time: Sun Dec 29 23:19:59 2019
timezone: W. Central Africa Standard Time
elapsed time: 74 seconds (0d 0h 1m 14s)

