#
# There is insufficient memory for the Java Runtime Environment to continue.
# Native memory allocation (malloc) failed to allocate 305536 bytes for Chunk::new
# Possible reasons:
#   The system is out of physical RAM or swap space
#   The process is running with CompressedOops enabled, and the Java Heap may be blocking the growth of the native heap
# Possible solutions:
#   Reduce memory load on the system
#   Increase physical memory or swap space
#   Check if swap backing store is full
#   Decrease Java heap size (-Xmx/-Xms)
#   Decrease number of Java threads
#   Decrease Java thread stack sizes (-Xss)
#   Set larger code cache with -XX:ReservedCodeCacheSize=
#   JVM is running with Zero Based Compressed Oops mode in which the Java heap is
#     placed in the first 32GB address space. The Java Heap base address is the
#     maximum limit for the native heap growth. Please use -XX:HeapBaseMinAddress
#     to set the Java Heap base and to place the Java Heap above 32GB virtual address.
# This output file may be truncated or incomplete.
#
#  Out of Memory Error (allocation.cpp:389), pid=18456, tid=0x0000000000006b60
#
# JRE version: Java(TM) SE Runtime Environment (8.0_231-b11) (build 1.8.0_231-b11)
# Java VM: Java HotSpot(TM) 64-Bit Server VM (25.231-b11 mixed mode windows-amd64 compressed oops)
# Failed to write core dump. Minidumps are not enabled by default on client versions of Windows
#

---------------  T H R E A D  ---------------

Current thread (0x000000001e2d1800):  JavaThread "C2 CompilerThread2" daemon [_thread_in_native, id=27488, stack(0x000000001ed90000,0x000000001ee90000)]

Stack: [0x000000001ed90000,0x000000001ee90000]
[error occurred during error reporting (printing stack bounds), id 0xc0000005]

Native frames: (J=compiled Java code, j=interpreted, Vv=VM code, C=native code)


Current CompileTask:
C2: 149468 2653 %     4       sun.java2d.pipe.AlphaPaintPipe::renderPathTile @ 130 (491 bytes)


---------------  P R O C E S S  ---------------

Java Threads: ( => current thread )
  0x000000001e2d5800 JavaThread "invokeAndBlock2" [_thread_blocked, id=23752, stack(0x0000000024df0000,0x0000000024ef0000)]
  0x000000001e2d7000 JavaThread "TimerQueue" daemon [_thread_blocked, id=9516, stack(0x0000000024bf0000,0x0000000024cf0000)]
  0x0000000022822800 JavaThread "invokeAndBlock1" [_thread_blocked, id=13240, stack(0x0000000021040000,0x0000000021140000)]
  0x0000000022317000 JavaThread "Network Thread" [_thread_blocked, id=15672, stack(0x00000000241b0000,0x00000000242b0000)]
  0x000000001f44e000 JavaThread "Network Thread" [_thread_blocked, id=5040, stack(0x0000000022e10000,0x0000000022f10000)]
  0x000000001e4c9800 JavaThread "EDT" [_thread_in_Java, id=5864, stack(0x0000000021240000,0x0000000021340000)]
  0x0000000002952800 JavaThread "DestroyJavaVM" [_thread_blocked, id=13280, stack(0x00000000027e0000,0x00000000028e0000)]
  0x000000001f364800 JavaThread "Thread-4" [_thread_blocked, id=26180, stack(0x000000001ffd0000,0x00000000200d0000)]
  0x000000001e58c800 JavaThread "AWT-EventQueue-0" [_thread_blocked, id=20740, stack(0x000000001fed0000,0x000000001ffd0000)]
  0x000000001e55f800 JavaThread "AWT-Windows" daemon [_thread_in_native, id=16884, stack(0x000000001fcd0000,0x000000001fdd0000)]
  0x000000001e58b000 JavaThread "AWT-Shutdown" [_thread_blocked, id=17620, stack(0x000000001fbd0000,0x000000001fcd0000)]
  0x000000001e58a800 JavaThread "Java2D Disposer" daemon [_thread_blocked, id=13172, stack(0x000000001fad0000,0x000000001fbd0000)]
  0x000000001e362800 JavaThread "Service Thread" daemon [_thread_blocked, id=11312, stack(0x000000001ef90000,0x000000001f090000)]
  0x000000001e2d7800 JavaThread "C1 CompilerThread3" daemon [_thread_blocked, id=11964, stack(0x000000001ee90000,0x000000001ef90000)]
=>0x000000001e2d1800 JavaThread "C2 CompilerThread2" daemon [_thread_in_native, id=27488, stack(0x000000001ed90000,0x000000001ee90000)]
  0x000000001e2ca000 JavaThread "C2 CompilerThread1" daemon [_thread_blocked, id=11480, stack(0x000000001ec90000,0x000000001ed90000)]
  0x000000001e2c6800 JavaThread "C2 CompilerThread0" daemon [_thread_blocked, id=28608, stack(0x000000001eb90000,0x000000001ec90000)]
  0x000000001e2c2000 JavaThread "Attach Listener" daemon [_thread_blocked, id=27228, stack(0x000000001ea90000,0x000000001eb90000)]
  0x000000001e2c1000 JavaThread "Signal Dispatcher" daemon [_thread_blocked, id=11300, stack(0x000000001e990000,0x000000001ea90000)]
  0x0000000002a48000 JavaThread "Finalizer" daemon [_thread_blocked, id=20104, stack(0x000000001e790000,0x000000001e890000)]
  0x000000001e2b0800 JavaThread "Reference Handler" daemon [_thread_blocked, id=22784, stack(0x000000001e690000,0x000000001e790000)]

Other Threads:
  0x000000001c4b9800 VMThread [stack: 0x000000001e190000,0x000000001e290000] [id=21960]
  0x000000001e36c800 WatcherThread [stack: 0x000000001f090000,0x000000001f190000] [id=1228]

VM state:not at safepoint (normal execution)

VM Mutex/Monitor currently owned by a thread: None

heap address: 0x00000006c1c00000, size: 4068 MB, Compressed Oops mode: Zero based, Oop shift amount: 3
Narrow klass base: 0x0000000000000000, Narrow klass shift: 3
Compressed class space size: 1073741824 Address: 0x00000007c0000000

Heap:
 PSYoungGen      total 151552K, used 29198K [0x000000076b400000, 0x000000077c880000, 0x00000007c0000000)
  eden space 125952K, 23% used [0x000000076b400000,0x000000076d0838d0,0x0000000772f00000)
  from space 25600K, 0% used [0x000000077af80000,0x000000077af80000,0x000000077c880000)
  to   space 10752K, 0% used [0x0000000772f00000,0x0000000772f00000,0x0000000773980000)
 ParOldGen       total 199168K, used 98952K [0x00000006c1c00000, 0x00000006cde80000, 0x000000076b400000)
  object space 199168K, 49% used [0x00000006c1c00000,0x00000006c7ca22b0,0x00000006cde80000)
 Metaspace       used 19056K, capacity 19372K, committed 19712K, reserved 1067008K
  class space    used 2235K, capacity 2303K, committed 2304K, reserved 1048576K

Card table byte_map: [0x0000000011e10000,0x0000000012610000] byte_map_base: 0x000000000e802000

Marking Bits: (ParMarkBitMap*) 0x000000005c8c6d90
 Begin Bits: [0x0000000013360000, 0x00000000172f0000)
 End Bits:   [0x00000000172f0000, 0x000000001b280000)

Polling page: 0x0000000000ac0000

CodeCache: size=245760Kb used=8278Kb max_used=8278Kb free=237481Kb
 bounds [0x0000000002a50000, 0x0000000003270000, 0x0000000011a50000]
 total_blobs=2922 nmethods=2337 adapters=497
 compilation: enabled

Compilation events (10 events):
Event: 149.401 Thread 0x000000001e2d7800 nmethod 2650 0x000000000326c2d0 code [0x000000000326c440, 0x000000000326c6e8]
Event: 149.401 Thread 0x000000001e2d7800 2646       3       com.codename1.ui.Component::initComponentImpl (155 bytes)
Event: 149.403 Thread 0x000000001e2d7800 nmethod 2646 0x000000000326d090 code [0x000000000326d3a0, 0x000000000326edd8]
Event: 149.405 Thread 0x000000001e2d7800 2651       3       com.codename1.ui.Container::setLightweightMode (28 bytes)
Event: 149.406 Thread 0x000000001e2d7800 nmethod 2651 0x000000000326b310 code [0x000000000326b4e0, 0x000000000326bd48]
Event: 149.411 Thread 0x000000001e2d7800 2652       3       java.awt.Rectangle::intersection (180 bytes)
Event: 149.411 Thread 0x000000001e2d7800 nmethod 2652 0x000000000326a990 code [0x000000000326ab20, 0x000000000326b050]
Event: 149.441 Thread 0x000000001e2d1800 2653 %     4       sun.java2d.pipe.AlphaPaintPipe::renderPathTile @ 130 (491 bytes)
Event: 149.445 Thread 0x000000001e2d7800 2654       1       java.awt.event.KeyEvent::getKeyCode (5 bytes)
Event: 149.445 Thread 0x000000001e2d7800 nmethod 2654 0x000000000326a6d0 code [0x000000000326a820, 0x000000000326a930]

GC Heap History (10 events):
Event: 14.037 GC heap before
{Heap before GC invocations=5 (full 1):
 PSYoungGen      total 76288K, used 72359K [0x000000076b400000, 0x0000000774400000, 0x00000007c0000000)
  eden space 65536K, 100% used [0x000000076b400000,0x000000076f400000,0x000000076f400000)
  from space 10752K, 63% used [0x000000076f400000,0x000000076faa9c88,0x000000076fe80000)
  to   space 10752K, 0% used [0x0000000773980000,0x0000000773980000,0x0000000774400000)
 ParOldGen       total 199168K, used 80370K [0x00000006c1c00000, 0x00000006cde80000, 0x000000076b400000)
  object space 199168K, 40% used [0x00000006c1c00000,0x00000006c6a7cb28,0x00000006cde80000)
 Metaspace       used 17211K, capacity 17590K, committed 17792K, reserved 1064960K
  class space    used 2044K, capacity 2140K, committed 2176K, reserved 1048576K
Event: 14.042 GC heap after
Heap after GC invocations=5 (full 1):
 PSYoungGen      total 135168K, used 10735K [0x000000076b400000, 0x0000000774400000, 0x00000007c0000000)
  eden space 124416K, 0% used [0x000000076b400000,0x000000076b400000,0x0000000772d80000)
  from space 10752K, 99% used [0x0000000773980000,0x00000007743fbf48,0x0000000774400000)
  to   space 10752K, 0% used [0x0000000772f00000,0x0000000772f00000,0x0000000773980000)
 ParOldGen       total 199168K, used 101672K [0x00000006c1c00000, 0x00000006cde80000, 0x000000076b400000)
  object space 199168K, 51% used [0x00000006c1c00000,0x00000006c7f4a268,0x00000006cde80000)
 Metaspace       used 17211K, capacity 17590K, committed 17792K, reserved 1064960K
  class space    used 2044K, capacity 2140K, committed 2176K, reserved 1048576K
}
Event: 21.990 GC heap before
{Heap before GC invocations=6 (full 1):
 PSYoungGen      total 135168K, used 130179K [0x000000076b400000, 0x0000000774400000, 0x00000007c0000000)
  eden space 124416K, 96% used [0x000000076b400000,0x00000007728a4f50,0x0000000772d80000)
  from space 10752K, 99% used [0x0000000773980000,0x00000007743fbf48,0x0000000774400000)
  to   space 10752K, 0% used [0x0000000772f00000,0x0000000772f00000,0x0000000773980000)
 ParOldGen       total 199168K, used 101672K [0x00000006c1c00000, 0x00000006cde80000, 0x000000076b400000)
  object space 199168K, 51% used [0x00000006c1c00000,0x00000006c7f4a268,0x00000006cde80000)
 Metaspace       used 18728K, capacity 19044K, committed 19456K, reserved 1067008K
  class space    used 2218K, capacity 2303K, committed 2304K, reserved 1048576K
Event: 22.005 GC heap after
Heap after GC invocations=6 (full 1):
 PSYoungGen      total 136704K, used 10699K [0x000000076b400000, 0x000000077c880000, 0x00000007c0000000)
  eden space 125952K, 0% used [0x000000076b400000,0x000000076b400000,0x0000000772f00000)
  from space 10752K, 99% used [0x0000000772f00000,0x0000000773972d48,0x0000000773980000)
  to   space 25600K, 0% used [0x000000077af80000,0x000000077af80000,0x000000077c880000)
 ParOldGen       total 199168K, used 181630K [0x00000006c1c00000, 0x00000006cde80000, 0x000000076b400000)
  object space 199168K, 91% used [0x00000006c1c00000,0x00000006ccd5fa18,0x00000006cde80000)
 Metaspace       used 18728K, capacity 19044K, committed 19456K, reserved 1067008K
  class space    used 2218K, capacity 2303K, committed 2304K, reserved 1048576K
}
Event: 22.005 GC heap before
{Heap before GC invocations=7 (full 2):
 PSYoungGen      total 136704K, used 10699K [0x000000076b400000, 0x000000077c880000, 0x00000007c0000000)
  eden space 125952K, 0% used [0x000000076b400000,0x000000076b400000,0x0000000772f00000)
  from space 10752K, 99% used [0x0000000772f00000,0x0000000773972d48,0x0000000773980000)
  to   space 25600K, 0% used [0x000000077af80000,0x000000077af80000,0x000000077c880000)
 ParOldGen       total 199168K, used 181630K [0x00000006c1c00000, 0x00000006cde80000, 0x000000076b400000)
  object space 199168K, 91% used [0x00000006c1c00000,0x00000006ccd5fa18,0x00000006cde80000)
 Metaspace       used 18728K, capacity 19044K, committed 19456K, reserved 1067008K
  class space    used 2218K, capacity 2303K, committed 2304K, reserved 1048576K
Event: 22.028 GC heap after
Heap after GC invocations=7 (full 2):
 PSYoungGen      total 136704K, used 0K [0x000000076b400000, 0x000000077c880000, 0x00000007c0000000)
  eden space 125952K, 0% used [0x000000076b400000,0x000000076b400000,0x0000000772f00000)
  from space 10752K, 0% used [0x0000000772f00000,0x0000000772f00000,0x0000000773980000)
  to   space 25600K, 0% used [0x000000077af80000,0x000000077af80000,0x000000077c880000)
 ParOldGen       total 199168K, used 81119K [0x00000006c1c00000, 0x00000006cde80000, 0x000000076b400000)
  object space 199168K, 40% used [0x00000006c1c00000,0x00000006c6b37d28,0x00000006cde80000)
 Metaspace       used 18728K, capacity 19044K, committed 19456K, reserved 1067008K
  class space    used 2218K, capacity 2303K, committed 2304K, reserved 1048576K
}
Event: 53.226 GC heap before
{Heap before GC invocations=8 (full 2):
 PSYoungGen      total 136704K, used 125952K [0x000000076b400000, 0x000000077c880000, 0x00000007c0000000)
  eden space 125952K, 100% used [0x000000076b400000,0x0000000772f00000,0x0000000772f00000)
  from space 10752K, 0% used [0x0000000772f00000,0x0000000772f00000,0x0000000773980000)
  to   space 25600K, 0% used [0x000000077af80000,0x000000077af80000,0x000000077c880000)
 ParOldGen       total 199168K, used 81119K [0x00000006c1c00000, 0x00000006cde80000, 0x000000076b400000)
  object space 199168K, 40% used [0x00000006c1c00000,0x00000006c6b37d28,0x00000006cde80000)
 Metaspace       used 18953K, capacity 19300K, committed 19712K, reserved 1067008K
  class space    used 2228K, capacity 2303K, committed 2304K, reserved 1048576K
Event: 53.244 GC heap after
Heap after GC invocations=8 (full 2):
 PSYoungGen      total 151552K, used 25031K [0x000000076b400000, 0x000000077c880000, 0x00000007c0000000)
  eden space 125952K, 0% used [0x000000076b400000,0x000000076b400000,0x0000000772f00000)
  from space 25600K, 97% used [0x000000077af80000,0x000000077c7f1c90,0x000000077c880000)
  to   space 10752K, 0% used [0x0000000772f00000,0x0000000772f00000,0x0000000773980000)
 ParOldGen       total 199168K, used 130451K [0x00000006c1c00000, 0x00000006cde80000, 0x000000076b400000)
  object space 199168K, 65% used [0x00000006c1c00000,0x00000006c9b64e58,0x00000006cde80000)
 Metaspace       used 18953K, capacity 19300K, committed 19712K, reserved 1067008K
  class space    used 2228K, capacity 2303K, committed 2304K, reserved 1048576K
}
Event: 53.244 GC heap before
{Heap before GC invocations=9 (full 3):
 PSYoungGen      total 151552K, used 25031K [0x000000076b400000, 0x000000077c880000, 0x00000007c0000000)
  eden space 125952K, 0% used [0x000000076b400000,0x000000076b400000,0x0000000772f00000)
  from space 25600K, 97% used [0x000000077af80000,0x000000077c7f1c90,0x000000077c880000)
  to   space 10752K, 0% used [0x0000000772f00000,0x0000000772f00000,0x0000000773980000)
 ParOldGen       total 199168K, used 130451K [0x00000006c1c00000, 0x00000006cde80000, 0x000000076b400000)
  object space 199168K, 65% used [0x00000006c1c00000,0x00000006c9b64e58,0x00000006cde80000)
 Metaspace       used 18953K, capacity 19300K, committed 19712K, reserved 1067008K
  class space    used 2228K, capacity 2303K, committed 2304K, reserved 1048576K
Event: 53.289 GC heap after
Heap after GC invocations=9 (full 3):
 PSYoungGen      total 151552K, used 0K [0x000000076b400000, 0x000000077c880000, 0x00000007c0000000)
  eden space 125952K, 0% used [0x000000076b400000,0x000000076b400000,0x0000000772f00000)
  from space 25600K, 0% used [0x000000077af80000,0x000000077af80000,0x000000077c880000)
  to   space 10752K, 0% used [0x0000000772f00000,0x0000000772f00000,0x0000000773980000)
 ParOldGen       total 199168K, used 98952K [0x00000006c1c00000, 0x00000006cde80000, 0x000000076b400000)
  object space 199168K, 49% used [0x00000006c1c00000,0x00000006c7ca22b0,0x00000006cde80000)
 Metaspace       used 18953K, capacity 19300K, committed 19712K, reserved 1067008K
  class space    used 2228K, capacity 2303K, committed 2304K, reserved 1048576K
}

Deoptimization events (10 events):
Event: 25.268 Thread 0x000000001e58c800 Uncommon trap: reason=unstable_if action=reinterpret pc=0x000000000306b4a4 method=sun.java2d.SunGraphics2D.getClipBounds(Ljava/awt/Rectangle;)Ljava/awt/Rectangle; @ 12
Event: 26.403 Thread 0x000000001e4c9800 Uncommon trap: reason=unstable_if action=reinterpret pc=0x0000000003216818 method=sun.font.CMap$CMapFormat4.getGlyph(I)C @ 181
Event: 36.547 Thread 0x000000001e4c9800 Uncommon trap: reason=unstable_if action=reinterpret pc=0x0000000002fe2038 method=com.codename1.ui.Component.getStyle()Lcom/codename1/ui/plaf/Style; @ 133
Event: 37.000 Thread 0x0000000022317000 Uncommon trap: reason=unstable_if action=reinterpret pc=0x0000000002e2a310 method=sun.nio.ch.Util$BufferCache.get(I)Ljava/nio/ByteBuffer; @ 47
Event: 37.015 Thread 0x000000001e4c9800 Uncommon trap: reason=unstable_if action=reinterpret pc=0x0000000002f6ffb0 method=sun.java2d.SunGraphics2D.getClipBounds()Ljava/awt/Rectangle; @ 4
Event: 37.015 Thread 0x000000001e4c9800 Uncommon trap: reason=unstable_if action=reinterpret pc=0x0000000002fc50d0 method=sun.java2d.SunGraphics2D.intersectShapes(Ljava/awt/Shape;Ljava/awt/Shape;ZZ)Ljava/awt/Shape; @ 4
Event: 37.183 Thread 0x000000001e4c9800 Uncommon trap: reason=unstable_if action=reinterpret pc=0x0000000002ef2bd4 method=com.codename1.ui.animations.CommonTransitions.paintAlpha(Lcom/codename1/ui/Graphics;)V @ 281
Event: 37.220 Thread 0x000000001e4c9800 Uncommon trap: reason=unstable_if action=reinterpret pc=0x0000000002eecb94 method=com.codename1.ui.animations.CommonTransitions.paintAlpha(Lcom/codename1/ui/Graphics;)V @ 281
Event: 49.385 Thread 0x000000001e4c9800 Uncommon trap: reason=unstable_if action=reinterpret pc=0x0000000002f8a2cc method=sun.java2d.loops.RenderCache.get(Lsun/java2d/loops/SurfaceType;Lsun/java2d/loops/CompositeType;Lsun/java2d/loops/SurfaceType;)Ljava/lang/Object; @ 52
Event: 51.122 Thread 0x000000001e58c800 Uncommon trap: reason=unstable_if action=reinterpret pc=0x0000000002ff93f4 method=java.awt.Component.inside(II)Z @ 1

Classes redefined (0 events):
No events

Internal exceptions (10 events):
Event: 0.033 Thread 0x0000000002952800 Exception <a 'java/lang/NoSuchMethodError': Method sun.misc.Unsafe.prefetchRead(Ljava/lang/Object;J)V name or signature does not match> (0x000000076b407fa0) thrown at [C:\re\workspace\8-2-build-windows-amd64-cygwin\jdk8u231\13620\hotspot\src\share\vm\prim
Event: 0.104 Thread 0x0000000002952800 Exception <a 'java/security/PrivilegedActionException'> (0x000000076b495978) thrown at [C:\re\workspace\8-2-build-windows-amd64-cygwin\jdk8u231\13620\hotspot\src\share\vm\prims\jvm.cpp, line 1502]
Event: 0.104 Thread 0x0000000002952800 Exception <a 'java/security/PrivilegedActionException'> (0x000000076b495b88) thrown at [C:\re\workspace\8-2-build-windows-amd64-cygwin\jdk8u231\13620\hotspot\src\share\vm\prims\jvm.cpp, line 1502]
Event: 0.105 Thread 0x0000000002952800 Exception <a 'java/security/PrivilegedActionException'> (0x000000076b499c80) thrown at [C:\re\workspace\8-2-build-windows-amd64-cygwin\jdk8u231\13620\hotspot\src\share\vm\prims\jvm.cpp, line 1502]
Event: 0.105 Thread 0x0000000002952800 Exception <a 'java/security/PrivilegedActionException'> (0x000000076b499e90) thrown at [C:\re\workspace\8-2-build-windows-amd64-cygwin\jdk8u231\13620\hotspot\src\share\vm\prims\jvm.cpp, line 1502]
Event: 0.603 Thread 0x0000000002952800 Exception <a 'java/io/FileNotFoundException'> (0x000000076b9bce90) thrown at [C:\re\workspace\8-2-build-windows-amd64-cygwin\jdk8u231\13620\hotspot\src\share\vm\prims\jni.cpp, line 710]
Event: 0.632 Thread 0x0000000002952800 Exception <a 'java/lang/NoSuchFieldError': method resolution failed> (0x000000076bbd4ef8) thrown at [C:\re\workspace\8-2-build-windows-amd64-cygwin\jdk8u231\13620\hotspot\src\share\vm\prims\methodHandles.cpp, line 1167]
Event: 0.633 Thread 0x0000000002952800 Exception <a 'java/lang/NoSuchFieldError': method resolution failed> (0x000000076bbe2618) thrown at [C:\re\workspace\8-2-build-windows-amd64-cygwin\jdk8u231\13620\hotspot\src\share\vm\prims\methodHandles.cpp, line 1167]
Event: 3.213 Thread 0x000000001e58c800 Exception <a 'java/io/FileNotFoundException'> (0x000000076d4e38a8) thrown at [C:\re\workspace\8-2-build-windows-amd64-cygwin\jdk8u231\13620\hotspot\src\share\vm\prims\jni.cpp, line 710]
Event: 21.167 Thread 0x000000001f44e000 Implicit null exception at 0x0000000002f4a153 to 0x0000000002f4a225

Events (10 events):
Event: 149.401 Executing VM operation: RevokeBias done
Event: 149.401 loading class sun/awt/im/InputContext$1
Event: 149.401 loading class sun/awt/im/InputContext$1 done
Event: 149.404 Executing VM operation: RevokeBias
Event: 149.404 Executing VM operation: RevokeBias done
Event: 149.404 Executing VM operation: RevokeBias
Event: 149.404 Executing VM operation: RevokeBias done
Event: 149.405 Executing VM operation: RevokeBias
Event: 149.405 Executing VM operation: RevokeBias done
Event: 149.405 Thread 0x000000001e2d8800 Thread exited: 0x000000001e2d8800


Dynamic libraries:
0x00007ff618f10000 - 0x00007ff618f47000 	C:\Program Files\Java\jdk1.8.0_231\jre\bin\java.exe
0x00007ffcb4060000 - 0x00007ffcb4250000 	C:\WINDOWS\SYSTEM32\ntdll.dll
0x00007ffcb2ed0000 - 0x00007ffcb2f82000 	C:\WINDOWS\System32\KERNEL32.DLL
0x00007ffcb1a00000 - 0x00007ffcb1ca3000 	C:\WINDOWS\System32\KERNELBASE.dll
0x00007ffcb2800000 - 0x00007ffcb28a3000 	C:\WINDOWS\System32\ADVAPI32.dll
0x00007ffcb36f0000 - 0x00007ffcb378e000 	C:\WINDOWS\System32\msvcrt.dll
0x00007ffcb3650000 - 0x00007ffcb36e7000 	C:\WINDOWS\System32\sechost.dll
0x00007ffcb2b90000 - 0x00007ffcb2cb0000 	C:\WINDOWS\System32\RPCRT4.dll
0x00007ffcb3e80000 - 0x00007ffcb4014000 	C:\WINDOWS\System32\USER32.dll
0x00007ffcb1770000 - 0x00007ffcb1791000 	C:\WINDOWS\System32\win32u.dll
0x00007ffcb2d10000 - 0x00007ffcb2d36000 	C:\WINDOWS\System32\GDI32.dll
0x00007ffcb1e20000 - 0x00007ffcb1fb4000 	C:\WINDOWS\System32\gdi32full.dll
0x00007ffcb1960000 - 0x00007ffcb19fe000 	C:\WINDOWS\System32\msvcp_win.dll
0x00007ffcb1d20000 - 0x00007ffcb1e1a000 	C:\WINDOWS\System32\ucrtbase.dll
0x00007ffca1db0000 - 0x00007ffca2035000 	C:\WINDOWS\WinSxS\amd64_microsoft.windows.common-controls_6595b64144ccf1df_6.0.18362.535_none_e6c3b34713100821\COMCTL32.dll
0x00007ffcb3010000 - 0x00007ffcb3346000 	C:\WINDOWS\System32\combase.dll
0x00007ffcb18e0000 - 0x00007ffcb1960000 	C:\WINDOWS\System32\bcryptPrimitives.dll
0x00007ffcb2cb0000 - 0x00007ffcb2cde000 	C:\WINDOWS\System32\IMM32.DLL
0x000000005d2a0000 - 0x000000005d372000 	C:\Program Files\Java\jdk1.8.0_231\jre\bin\msvcr100.dll
0x000000005c0a0000 - 0x000000005c946000 	C:\Program Files\Java\jdk1.8.0_231\jre\bin\server\jvm.dll
0x00007ffcb3640000 - 0x00007ffcb3648000 	C:\WINDOWS\System32\PSAPI.DLL
0x00007ffcad7a0000 - 0x00007ffcad7c4000 	C:\WINDOWS\SYSTEM32\WINMM.dll
0x00007ffca60e0000 - 0x00007ffca60ea000 	C:\WINDOWS\SYSTEM32\VERSION.dll
0x00007ffc9c030000 - 0x00007ffc9c039000 	C:\WINDOWS\SYSTEM32\WSOCK32.dll
0x00007ffcb2910000 - 0x00007ffcb297f000 	C:\WINDOWS\System32\WS2_32.dll
0x00007ffcad770000 - 0x00007ffcad79d000 	C:\WINDOWS\SYSTEM32\winmmbase.dll
0x00007ffcb1cd0000 - 0x00007ffcb1d1a000 	C:\WINDOWS\System32\cfgmgr32.dll
0x00007ffcaba10000 - 0x00007ffcaba1f000 	C:\Program Files\Java\jdk1.8.0_231\jre\bin\verify.dll
0x00007ffca3270000 - 0x00007ffca3299000 	C:\Program Files\Java\jdk1.8.0_231\jre\bin\java.dll
0x00007ffcaa580000 - 0x00007ffcaa596000 	C:\Program Files\Java\jdk1.8.0_231\jre\bin\zip.dll
0x00007ffcb3790000 - 0x00007ffcb3e75000 	C:\WINDOWS\System32\SHELL32.dll
0x00007ffcb2980000 - 0x00007ffcb2a29000 	C:\WINDOWS\System32\shcore.dll
0x00007ffcb0ff0000 - 0x00007ffcb176f000 	C:\WINDOWS\System32\windows.storage.dll
0x00007ffcb0f80000 - 0x00007ffcb0f9f000 	C:\WINDOWS\System32\profapi.dll
0x00007ffcb0fa0000 - 0x00007ffcb0fea000 	C:\WINDOWS\System32\powrprof.dll
0x00007ffcb0f30000 - 0x00007ffcb0f40000 	C:\WINDOWS\System32\UMPDC.dll
0x00007ffcb28b0000 - 0x00007ffcb2902000 	C:\WINDOWS\System32\shlwapi.dll
0x00007ffcb0f40000 - 0x00007ffcb0f51000 	C:\WINDOWS\System32\kernel.appcore.dll
0x00007ffcb1cb0000 - 0x00007ffcb1cc7000 	C:\WINDOWS\System32\cryptsp.dll
0x00007ffca84f0000 - 0x00007ffca850a000 	C:\Program Files\Java\jdk1.8.0_231\jre\bin\net.dll
0x00007ffcb07a0000 - 0x00007ffcb0807000 	C:\WINDOWS\system32\mswsock.dll
0x00007ffc7a7c0000 - 0x00007ffc7a95a000 	C:\Program Files\Java\jdk1.8.0_231\jre\bin\awt.dll
0x00007ffcb26b0000 - 0x00007ffcb2774000 	C:\WINDOWS\System32\OLEAUT32.dll
0x00007ffcaed60000 - 0x00007ffcaedef000 	C:\WINDOWS\SYSTEM32\apphelp.dll
0x00007ffcaee60000 - 0x00007ffcaeef9000 	C:\WINDOWS\system32\uxtheme.dll
0x00007ffcb3500000 - 0x00007ffcb3635000 	C:\WINDOWS\System32\MSCTF.dll
0x00007ffcb2a30000 - 0x00007ffcb2b86000 	C:\WINDOWS\System32\ole32.dll
0x00007ffcaf280000 - 0x00007ffcaf2ad000 	C:\WINDOWS\system32\DWMAPI.DLL
0x00007ffc7a660000 - 0x00007ffc7a7b6000 	C:\WINDOWS\system32\opengl32.dll
0x00007ffc9e700000 - 0x00007ffc9e72c000 	C:\WINDOWS\SYSTEM32\GLU32.dll
0x00007ffcafba0000 - 0x00007ffcafbc0000 	C:\WINDOWS\SYSTEM32\dxcore.dll
0x00007ffcb0310000 - 0x00007ffcb0343000 	C:\WINDOWS\system32\rsaenh.dll
0x00007ffcb18b0000 - 0x00007ffcb18d6000 	C:\WINDOWS\System32\bcrypt.dll
0x00007ffcb0e20000 - 0x00007ffcb0e45000 	C:\WINDOWS\SYSTEM32\USERENV.dll
0x00007ffcb0970000 - 0x00007ffcb097c000 	C:\WINDOWS\SYSTEM32\CRYPTBASE.dll
0x00007ffcb04b0000 - 0x00007ffcb04ea000 	C:\WINDOWS\SYSTEM32\IPHLPAPI.DLL
0x00007ffcb2d00000 - 0x00007ffcb2d08000 	C:\WINDOWS\System32\NSI.dll
0x00007ffcaf710000 - 0x00007ffcaf726000 	C:\WINDOWS\SYSTEM32\dhcpcsvc6.DLL
0x00007ffcaf6f0000 - 0x00007ffcaf70c000 	C:\WINDOWS\SYSTEM32\dhcpcsvc.DLL
0x00007ffcb04f0000 - 0x00007ffcb05ba000 	C:\WINDOWS\SYSTEM32\DNSAPI.dll
0x00007ffca3650000 - 0x00007ffca3662000 	C:\Program Files\Java\jdk1.8.0_231\jre\bin\nio.dll
0x00007ffc9c430000 - 0x00007ffc9c479000 	C:\Program Files\Java\jdk1.8.0_231\jre\bin\fontmanager.dll
0x00007ffc9c210000 - 0x00007ffc9c252000 	C:\Program Files\Java\jdk1.8.0_231\jre\bin\t2k.dll
0x00007ffca4d40000 - 0x00007ffca4dde000 	C:\WINDOWS\System32\TextInputFramework.dll
0x00007ffcacd40000 - 0x00007ffcad06a000 	C:\WINDOWS\System32\CoreUIComponents.dll
0x00007ffcae7e0000 - 0x00007ffcae8b4000 	C:\WINDOWS\System32\CoreMessaging.dll
0x00007ffcacbc0000 - 0x00007ffcacd13000 	C:\WINDOWS\SYSTEM32\wintypes.dll
0x00007ffcaff90000 - 0x00007ffcaffc1000 	C:\WINDOWS\SYSTEM32\ntmarta.dll
0x00007ffca2910000 - 0x00007ffca2bb6000 	C:\WINDOWS\System32\iertutil.dll
0x00007ffc9c1e0000 - 0x00007ffc9c20a000 	C:\Program Files\Java\jdk1.8.0_231\jre\bin\dcpr.dll
0x00007ffca2740000 - 0x00007ffca274a000 	C:\Windows\System32\rasadhlp.dll
0x00007ffcaca10000 - 0x00007ffcaca87000 	C:\WINDOWS\System32\fwpuclnt.dll
0x00007ffca37a0000 - 0x00007ffca37d1000 	C:\Program Files\Java\jdk1.8.0_231\jre\bin\jpeg.dll
0x00007ffca16a0000 - 0x00007ffca16de000 	C:\Program Files\Java\jdk1.8.0_231\jre\bin\lcms.dll
0x00007ffcb2e20000 - 0x00007ffcb2ec2000 	C:\WINDOWS\System32\clbcatq.dll
0x00007ffcac860000 - 0x00007ffcaca0f000 	C:\WINDOWS\SYSTEM32\WindowsCodecs.dll
0x00007ffca13b0000 - 0x00007ffca13ea000 	C:\WINDOWS\system32\dataexchange.dll
0x00007ffcae3a0000 - 0x00007ffcae5fb000 	C:\WINDOWS\system32\d3d11.dll
0x00007ffcae600000 - 0x00007ffcae7db000 	C:\WINDOWS\system32\dcomp.dll
0x00007ffcafc30000 - 0x00007ffcafd1b000 	C:\WINDOWS\system32\dxgi.dll
0x00007ffcaef30000 - 0x00007ffcaf18a000 	C:\WINDOWS\system32\twinapi.appcore.dll
0x00007ffcaf440000 - 0x00007ffcaf469000 	C:\WINDOWS\system32\RMCLIENT.dll

VM Arguments:
jvm_args: -Dfile.encoding=UTF-8 
java_command: com.codename1.impl.javase.Simulator com.mahmoud.myapp.MyApplication
java_class_path (initial): C:\Users\mahmoud\Documents\NetBeansProjects\Chick_Click_Mobile\JavaSE.jar;C:\Users\mahmoud\Documents\NetBeansProjects\Chick_Click_Mobile\lib\CLDC11.jar;C:\Users\mahmoud\Documents\NetBeansProjects\Chick_Click_Mobile\lib\CodenameOne.jar;C:\Users\mahmoud\Documents\NetBeansProjects\Chick_Click_Mobile\lib\CodenameOne_SRC.zip;C:\Users\mahmoud\Documents\NetBeansProjects\Chick_Click_Mobile\override;C:\Users\mahmoud\Documents\NetBeansProjects\Chick_Click_Mobile\lib\impl\cls;C:\Users\mahmoud\Documents\NetBeansProjects\Chick_Click_Mobile\lib\impl\stubs;C:\Users\mahmoud\Documents\NetBeansProjects\Chick_Click_Mobile\build\classes;C:\Users\mahmoud\Documents\NetBeansProjects\Chick_Click_Mobile\native\internal_tmp
Launcher Type: SUN_STANDARD

Environment Variables:
JAVA_HOME=C:\Program Files\Java\jdk1.8.0_231
PATH=C:\Program Files (x86)\Common Files\Oracle\Java\javapath;C:\oraclexe\app\oracle\product\10.2.0\server\bin;C:\ProgramData\Oracle\Java\javapath;C:\Program Files (x86)\Intel\iCLS Client\;C:\Program Files\Intel\iCLS Client\;C:\windows\system32;C:\windows;C:\windows\System32\Wbem;C:\windows\System32\WindowsPowerShell\v1.0\;C:\Program Files (x86)\Intel\Intel(R) Management Engine Components\DAL;C:\Program Files\Intel\Intel(R) Management Engine Components\DAL;C:\Program Files (x86)\Intel\Intel(R) Management Engine Components\IPT;C:\Program Files\Intel\Intel(R) Management Engine Components\IPT;C:\Program Files\apache-maven\bin;C:\Program Files\Git\cmd;C:\WINDOWS\system32;C:\WINDOWS;C:\WINDOWS\System32\Wbem;C:\WINDOWS\System32\WindowsPowerShell\v1.0\;C:\WINDOWS\System32\OpenSSH\;C:\Program Files (x86)\NVIDIA Corporation\PhysX\Common;C:\Program Files\IDM Computer Solutions\UEStudio;C:\Program Files\NVIDIA Corporation\NVIDIA NvDLISR;C:\Program Files\Intel\WiFi\bin\;C:\Program Files\Common Files\Intel\WirelessCommon\;C:\sqlite3;C:\Program Files\nodejs\;C:\Program Files\Dart\dart-sdk\bin;C:\wamp64\bin\php\php5.6.25;C:\Program Files\Java\jdk1.8.0_231\bin;;%SystemRoot%\system32;%SystemRoot%;%SystemRoot%\System32\Wbem;%SYSTEMROOT%\System32\WindowsPowerShell\v1.0\;%SYSTEMROOT%\System32\OpenSSH\;C:\Users\mahmoud\AppData\Local\Microsoft\WindowsApps;C:\ProgramData\mahmoud\atom\bin;C:\Users\mahmoud\AppData\Local\atom\bin;C:\Users\mahmoud\AppData\Local\Microsoft\WindowsApps;C:\Program Files\Intel\WiFi\bin\;C:\Program Files\Common Files\Intel\WirelessCommon\;C:\Program Files\Java\jdk1.8.0_144\bin;C:\Users\mahmoud\AppData\Roaming\npm;C:\Program Files\JetBrains\WebStorm 2019.1.3\bin;;C:\src\flutter\bin;C:\Users\mahmoud\AppData\Local\Programs\Microsoft VS Code\bin;C:\wamp64\bin\php\php5.6.25;C:\Program Files\Java\jre1.8.0_181\bin;C:\Program Files\Java\jdk1.8.0_231\bin;C:\Program Files (x86)\Jar2Exe Wizard\;
USERNAME=mahmoud
OS=Windows_NT
PROCESSOR_IDENTIFIER=Intel64 Family 6 Model 158 Stepping 9, GenuineIntel



---------------  S Y S T E M  ---------------

OS: Windows 10.0 , 64 bit Build 18362 (10.0.18362.329)

CPU:total 8 (initial active 8) (4 cores per cpu, 2 threads per core) family 6 model 158 stepping 9, cmov, cx8, fxsr, mmx, sse, sse2, sse3, ssse3, sse4.1, sse4.2, popcnt, avx, avx2, aes, clmul, erms, 3dnowpref, lzcnt, ht, tsc, tscinvbit, bmi1, bmi2, adx

Memory: 4k page, physical 16659684k(5208068k free), swap 47755488k(5328k free)

vm_info: Java HotSpot(TM) 64-Bit Server VM (25.231-b11) for windows-amd64 JRE (1.8.0_231-b11), built on Oct  5 2019 03:11:30 by "java_re" with MS VC++ 10.0 (VS2010)

time: Tue Dec 31 23:31:45 2019
timezone: W. Central Africa Standard Time
elapsed time: 149 seconds (0d 0h 2m 29s)

